CREATE TABLE "django_migrations" ("id" integer NOT NULL PRIMARY KEY AUTOINCREMENT, "app" varchar(255) NOT NULL, "name" varchar(255) NOT NULL, "applied" datetime NOT NULL); (params None)
CREATE TABLE "django_content_type" ("id" integer NOT NULL PRIMARY KEY AUTOINCREMENT, "name" varchar(100) NOT NULL, "app_label" varchar(100) NOT NULL, "model" varchar(100) NOT NULL); (params None)
CREATE UNIQUE INDEX "django_content_type_app_label_model_76bd3d3b_uniq" ON "django_content_type" ("app_label", "model"); (params ())
CREATE TABLE "auth_permission" ("id" integer NOT NULL PRIMARY KEY AUTOINCREMENT, "name" varchar(50) NOT NULL, "content_type_id" integer NOT NULL REFERENCES "django_content_type" ("id") DEFERRABLE INITIALLY DEFERRED, "codename" varchar(100) NOT NULL); (params None)
CREATE TABLE "auth_group" ("id" integer NOT NULL PRIMARY KEY AUTOINCREMENT, "name" varchar(80) NOT NULL UNIQUE); (params None)
CREATE TABLE "auth_group_permissions" ("id" integer NOT NULL PRIMARY KEY AUTOINCREMENT, "group_id" integer NOT NULL REFERENCES "auth_group" ("id") DEFERRABLE INITIALLY DEFERRED, "permission_id" integer NOT NULL REFERENCES "auth_permission" ("id") DEFERRABLE INITIALLY DEFERRED); (params None)
CREATE TABLE "auth_user" ("id" integer NOT NULL PRIMARY KEY AUTOINCREMENT, "password" varchar(128) NOT NULL, "last_login" datetime NOT NULL, "is_superuser" bool NOT NULL, "username" varchar(30) NOT NULL UNIQUE, "first_name" varchar(30) NOT NULL, "last_name" varchar(30) NOT NULL, "email" varchar(75) NOT NULL, "is_staff" bool NOT NULL, "is_active" bool NOT NULL, "date_joined" datetime NOT NULL); (params None)
CREATE TABLE "auth_user_groups" ("id" integer NOT NULL PRIMARY KEY AUTOINCREMENT, "user_id" integer NOT NULL REFERENCES "auth_user" ("id") DEFERRABLE INITIALLY DEFERRED, "group_id" integer NOT NULL REFERENCES "auth_group" ("id") DEFERRABLE INITIALLY DEFERRED); (params None)
CREATE TABLE "auth_user_user_permissions" ("id" integer NOT NULL PRIMARY KEY AUTOINCREMENT, "user_id" integer NOT NULL REFERENCES "auth_user" ("id") DEFERRABLE INITIALLY DEFERRED, "permission_id" integer NOT NULL REFERENCES "auth_permission" ("id") DEFERRABLE INITIALLY DEFERRED); (params None)
CREATE UNIQUE INDEX "auth_permission_content_type_id_codename_01ab375a_uniq" ON "auth_permission" ("content_type_id", "codename"); (params None)
CREATE INDEX "auth_permission_content_type_id_2f476e4b" ON "auth_permission" ("content_type_id"); (params None)
CREATE UNIQUE INDEX "auth_group_permissions_group_id_permission_id_0cd325b0_uniq" ON "auth_group_permissions" ("group_id", "permission_id"); (params None)
CREATE INDEX "auth_group_permissions_group_id_b120cbf9" ON "auth_group_permissions" ("group_id"); (params None)
CREATE INDEX "auth_group_permissions_permission_id_84c5c92e" ON "auth_group_permissions" ("permission_id"); (params None)
CREATE UNIQUE INDEX "auth_user_groups_user_id_group_id_94350c0c_uniq" ON "auth_user_groups" ("user_id", "group_id"); (params None)
CREATE INDEX "auth_user_groups_user_id_6a12ed8b" ON "auth_user_groups" ("user_id"); (params None)
CREATE INDEX "auth_user_groups_group_id_97559544" ON "auth_user_groups" ("group_id"); (params None)
CREATE UNIQUE INDEX "auth_user_user_permissions_user_id_permission_id_14a6b632_uniq" ON "auth_user_user_permissions" ("user_id", "permission_id"); (params None)
CREATE INDEX "auth_user_user_permissions_user_id_a95ead1b" ON "auth_user_user_permissions" ("user_id"); (params None)
CREATE INDEX "auth_user_user_permissions_permission_id_1fbb5f2c" ON "auth_user_user_permissions" ("permission_id"); (params None)
CREATE TABLE "django_admin_log" ("id" integer NOT NULL PRIMARY KEY AUTOINCREMENT, "action_time" datetime NOT NULL, "object_id" text NULL, "object_repr" varchar(200) NOT NULL, "action_flag" smallint unsigned NOT NULL CHECK ("action_flag" >= 0), "change_message" text NOT NULL, "content_type_id" integer NULL REFERENCES "django_content_type" ("id") DEFERRABLE INITIALLY DEFERRED, "user_id" integer NOT NULL REFERENCES "auth_user" ("id") DEFERRABLE INITIALLY DEFERRED); (params None)
CREATE INDEX "django_admin_log_content_type_id_c4bce8eb" ON "django_admin_log" ("content_type_id"); (params None)
CREATE INDEX "django_admin_log_user_id_c564eba6" ON "django_admin_log" ("user_id"); (params None)
CREATE TABLE "new__django_admin_log" ("id" integer NOT NULL PRIMARY KEY AUTOINCREMENT, "object_id" text NULL, "object_repr" varchar(200) NOT NULL, "action_flag" smallint unsigned NOT NULL CHECK ("action_flag" >= 0), "change_message" text NOT NULL, "content_type_id" integer NULL REFERENCES "django_content_type" ("id") DEFERRABLE INITIALLY DEFERRED, "user_id" integer NOT NULL REFERENCES "auth_user" ("id") DEFERRABLE INITIALLY DEFERRED, "action_time" datetime NOT NULL); (params None)
INSERT INTO "new__django_admin_log" ("id", "object_id", "object_repr", "action_flag", "change_message", "content_type_id", "user_id", "action_time") SELECT "id", "object_id", "object_repr", "action_flag", "change_message", "content_type_id", "user_id", "action_time" FROM "django_admin_log"; (params ())
DROP TABLE "django_admin_log"; (params ())
ALTER TABLE "new__django_admin_log" RENAME TO "django_admin_log"; (params ())
CREATE INDEX "django_admin_log_content_type_id_c4bce8eb" ON "django_admin_log" ("content_type_id"); (params ())
CREATE INDEX "django_admin_log_user_id_c564eba6" ON "django_admin_log" ("user_id"); (params ())
CREATE TABLE "new__django_content_type" ("id" integer NOT NULL PRIMARY KEY AUTOINCREMENT, "app_label" varchar(100) NOT NULL, "model" varchar(100) NOT NULL, "name" varchar(100) NULL); (params None)
INSERT INTO "new__django_content_type" ("id", "app_label", "model", "name") SELECT "id", "app_label", "model", "name" FROM "django_content_type"; (params ())
DROP TABLE "django_content_type"; (params ())
ALTER TABLE "new__django_content_type" RENAME TO "django_content_type"; (params ())
CREATE UNIQUE INDEX "django_content_type_app_label_model_76bd3d3b_uniq" ON "django_content_type" ("app_label", "model"); (params ())
ALTER TABLE "django_content_type" DROP COLUMN "name"; (params ())
CREATE TABLE "new__auth_permission" ("id" integer NOT NULL PRIMARY KEY AUTOINCREMENT, "content_type_id" integer NOT NULL REFERENCES "django_content_type" ("id") DEFERRABLE INITIALLY DEFERRED, "codename" varchar(100) NOT NULL, "name" varchar(255) NOT NULL); (params None)
INSERT INTO "new__auth_permission" ("id", "content_type_id", "codename", "name") SELECT "id", "content_type_id", "codename", "name" FROM "auth_permission"; (params ())
DROP TABLE "auth_permission"; (params ())
ALTER TABLE "new__auth_permission" RENAME TO "auth_permission"; (params ())
CREATE UNIQUE INDEX "auth_permission_content_type_id_codename_01ab375a_uniq" ON "auth_permission" ("content_type_id", "codename"); (params ())
CREATE INDEX "auth_permission_content_type_id_2f476e4b" ON "auth_permission" ("content_type_id"); (params ())
CREATE TABLE "new__auth_user" ("id" integer NOT NULL PRIMARY KEY AUTOINCREMENT, "password" varchar(128) NOT NULL, "last_login" datetime NOT NULL, "is_superuser" bool NOT NULL, "username" varchar(30) NOT NULL UNIQUE, "first_name" varchar(30) NOT NULL, "last_name" varchar(30) NOT NULL, "is_staff" bool NOT NULL, "is_active" bool NOT NULL, "date_joined" datetime NOT NULL, "email" varchar(254) NOT NULL); (params None)
INSERT INTO "new__auth_user" ("id", "password", "last_login", "is_superuser", "username", "first_name", "last_name", "is_staff", "is_active", "date_joined", "email") SELECT "id", "password", "last_login", "is_superuser", "username", "first_name", "last_name", "is_staff", "is_active", "date_joined", "email" FROM "auth_user"; (params ())
DROP TABLE "auth_user"; (params ())
ALTER TABLE "new__auth_user" RENAME TO "auth_user"; (params ())
CREATE TABLE "new__auth_user" ("id" integer NOT NULL PRIMARY KEY AUTOINCREMENT, "password" varchar(128) NOT NULL, "is_superuser" bool NOT NULL, "username" varchar(30) NOT NULL UNIQUE, "first_name" varchar(30) NOT NULL, "last_name" varchar(30) NOT NULL, "email" varchar(254) NOT NULL, "is_staff" bool NOT NULL, "is_active" bool NOT NULL, "date_joined" datetime NOT NULL, "last_login" datetime NULL); (params None)
INSERT INTO "new__auth_user" ("id", "password", "is_superuser", "username", "first_name", "last_name", "email", "is_staff", "is_active", "date_joined", "last_login") SELECT "id", "password", "is_superuser", "username", "first_name", "last_name", "email", "is_staff", "is_active", "date_joined", "last_login" FROM "auth_user"; (params ())
DROP TABLE "auth_user"; (params ())
ALTER TABLE "new__auth_user" RENAME TO "auth_user"; (params ())
CREATE TABLE "new__auth_user" ("id" integer NOT NULL PRIMARY KEY AUTOINCREMENT, "password" varchar(128) NOT NULL, "last_login" datetime NULL, "is_superuser" bool NOT NULL, "first_name" varchar(30) NOT NULL, "last_name" varchar(30) NOT NULL, "email" varchar(254) NOT NULL, "is_staff" bool NOT NULL, "is_active" bool NOT NULL, "date_joined" datetime NOT NULL, "username" varchar(150) NOT NULL UNIQUE); (params None)
INSERT INTO "new__auth_user" ("id", "password", "last_login", "is_superuser", "first_name", "last_name", "email", "is_staff", "is_active", "date_joined", "username") SELECT "id", "password", "last_login", "is_superuser", "first_name", "last_name", "email", "is_staff", "is_active", "date_joined", "username" FROM "auth_user"; (params ())
DROP TABLE "auth_user"; (params ())
ALTER TABLE "new__auth_user" RENAME TO "auth_user"; (params ())
CREATE TABLE "new__auth_user" ("id" integer NOT NULL PRIMARY KEY AUTOINCREMENT, "password" varchar(128) NOT NULL, "last_login" datetime NULL, "is_superuser" bool NOT NULL, "username" varchar(150) NOT NULL UNIQUE, "first_name" varchar(30) NOT NULL, "email" varchar(254) NOT NULL, "is_staff" bool NOT NULL, "is_active" bool NOT NULL, "date_joined" datetime NOT NULL, "last_name" varchar(150) NOT NULL); (params None)
INSERT INTO "new__auth_user" ("id", "password", "last_login", "is_superuser", "username", "first_name", "email", "is_staff", "is_active", "date_joined", "last_name") SELECT "id", "password", "last_login", "is_superuser", "username", "first_name", "email", "is_staff", "is_active", "date_joined", "last_name" FROM "auth_user"; (params ())
DROP TABLE "auth_user"; (params ())
ALTER TABLE "new__auth_user" RENAME TO "auth_user"; (params ())
CREATE TABLE "new__auth_group" ("id" integer NOT NULL PRIMARY KEY AUTOINCREMENT, "name" varchar(150) NOT NULL UNIQUE); (params None)
INSERT INTO "new__auth_group" ("id", "name") SELECT "id", "name" FROM "auth_group"; (params ())
DROP TABLE "auth_group"; (params ())
ALTER TABLE "new__auth_group" RENAME TO "auth_group"; (params ())
CREATE TABLE "new__auth_user" ("id" integer NOT NULL PRIMARY KEY AUTOINCREMENT, "password" varchar(128) NOT NULL, "last_login" datetime NULL, "is_superuser" bool NOT NULL, "username" varchar(150) NOT NULL UNIQUE, "last_name" varchar(150) NOT NULL, "email" varchar(254) NOT NULL, "is_staff" bool NOT NULL, "is_active" bool NOT NULL, "date_joined" datetime NOT NULL, "first_name" varchar(150) NOT NULL); (params None)
INSERT INTO "new__auth_user" ("id", "password", "last_login", "is_superuser", "username", "last_name", "email", "is_staff", "is_active", "date_joined", "first_name") SELECT "id", "password", "last_login", "is_superuser", "username", "last_name", "email", "is_staff", "is_active", "date_joined", "first_name" FROM "auth_user"; (params ())
DROP TABLE "auth_user"; (params ())
ALTER TABLE "new__auth_user" RENAME TO "auth_user"; (params ())
CREATE TABLE "django_session" ("session_key" varchar(40) NOT NULL PRIMARY KEY, "session_data" text NOT NULL, "expire_date" datetime NOT NULL); (params None)
CREATE INDEX "django_session_expire_date_a5c62663" ON "django_session" ("expire_date"); (params None)
Exception while resolving variable 'name' in template 'unknown'.
Traceback (most recent call last):
  File "/Users/nihu/anaconda3/lib/python3.11/site-packages/django/core/handlers/exception.py", line 55, in inner
    response = get_response(request)
               ^^^^^^^^^^^^^^^^^^^^^
  File "/Users/nihu/anaconda3/lib/python3.11/site-packages/django/core/handlers/base.py", line 181, in _get_response
    callback, callback_args, callback_kwargs = self.resolve_request(request)
                                               ^^^^^^^^^^^^^^^^^^^^^^^^^^^^^
  File "/Users/nihu/anaconda3/lib/python3.11/site-packages/django/core/handlers/base.py", line 313, in resolve_request
    resolver_match = resolver.resolve(request.path_info)
                     ^^^^^^^^^^^^^^^^^^^^^^^^^^^^^^^^^^^
  File "/Users/nihu/anaconda3/lib/python3.11/site-packages/django/urls/resolvers.py", line 705, in resolve
    raise Resolver404({"tried": tried, "path": new_path})
django.urls.exceptions.Resolver404: {'tried': [[<URLResolver <URLPattern list> (admin:admin) 'admin/'>], [<URLResolver <module 'chart_api.urls' from '/Users/nihu/Blockhouse_Assessment/backend/chart_api/urls.py'> (None:None) 'api/'>, <URLPattern 'candlestick-data/' [name='candlestick-data']>], [<URLResolver <module 'chart_api.urls' from '/Users/nihu/Blockhouse_Assessment/backend/chart_api/urls.py'> (None:None) 'api/'>, <URLPattern 'line-chart-data/' [name='line-chart-data']>], [<URLResolver <module 'chart_api.urls' from '/Users/nihu/Blockhouse_Assessment/backend/chart_api/urls.py'> (None:None) 'api/'>, <URLPattern 'bar-chart-data/' [name='bar-chart-data']>], [<URLResolver <module 'chart_api.urls' from '/Users/nihu/Blockhouse_Assessment/backend/chart_api/urls.py'> (None:None) 'api/'>, <URLPattern 'pie-chart-data/' [name='pie-chart-data']>]], 'path': 'api/bar-chart-data//invalid/'}

During handling of the above exception, another exception occurred:

Traceback (most recent call last):
  File "/Users/nihu/anaconda3/lib/python3.11/site-packages/django/template/base.py", line 883, in _resolve_lookup
    current = current[bit]
              ~~~~~~~^^^^^
TypeError: 'URLResolver' object is not subscriptable

During handling of the above exception, another exception occurred:

Traceback (most recent call last):
  File "/Users/nihu/anaconda3/lib/python3.11/site-packages/django/template/base.py", line 893, in _resolve_lookup
    current = getattr(current, bit)
              ^^^^^^^^^^^^^^^^^^^^^
AttributeError: 'URLResolver' object has no attribute 'name'

During handling of the above exception, another exception occurred:

Traceback (most recent call last):
  File "/Users/nihu/anaconda3/lib/python3.11/site-packages/django/template/base.py", line 899, in _resolve_lookup
    current = current[int(bit)]
                      ^^^^^^^^
ValueError: invalid literal for int() with base 10: 'name'

During handling of the above exception, another exception occurred:

Traceback (most recent call last):
  File "/Users/nihu/anaconda3/lib/python3.11/site-packages/django/template/base.py", line 906, in _resolve_lookup
    raise VariableDoesNotExist(
django.template.base.VariableDoesNotExist: Failed lookup for key [name] in <URLResolver <URLPattern list> (admin:admin) 'admin/'>
Not Found: /api/bar-chart-data//invalid/
Exception while resolving variable 'name' in template 'unknown'.
Traceback (most recent call last):
  File "/Users/nihu/anaconda3/lib/python3.11/site-packages/django/core/handlers/exception.py", line 55, in inner
    response = get_response(request)
               ^^^^^^^^^^^^^^^^^^^^^
  File "/Users/nihu/anaconda3/lib/python3.11/site-packages/django/core/handlers/base.py", line 181, in _get_response
    callback, callback_args, callback_kwargs = self.resolve_request(request)
                                               ^^^^^^^^^^^^^^^^^^^^^^^^^^^^^
  File "/Users/nihu/anaconda3/lib/python3.11/site-packages/django/core/handlers/base.py", line 313, in resolve_request
    resolver_match = resolver.resolve(request.path_info)
                     ^^^^^^^^^^^^^^^^^^^^^^^^^^^^^^^^^^^
  File "/Users/nihu/anaconda3/lib/python3.11/site-packages/django/urls/resolvers.py", line 705, in resolve
    raise Resolver404({"tried": tried, "path": new_path})
django.urls.exceptions.Resolver404: {'tried': [[<URLResolver <URLPattern list> (admin:admin) 'admin/'>], [<URLResolver <module 'chart_api.urls' from '/Users/nihu/Blockhouse_Assessment/backend/chart_api/urls.py'> (None:None) 'api/'>, <URLPattern 'candlestick-data/' [name='candlestick-data']>], [<URLResolver <module 'chart_api.urls' from '/Users/nihu/Blockhouse_Assessment/backend/chart_api/urls.py'> (None:None) 'api/'>, <URLPattern 'line-chart-data/' [name='line-chart-data']>], [<URLResolver <module 'chart_api.urls' from '/Users/nihu/Blockhouse_Assessment/backend/chart_api/urls.py'> (None:None) 'api/'>, <URLPattern 'bar-chart-data/' [name='bar-chart-data']>], [<URLResolver <module 'chart_api.urls' from '/Users/nihu/Blockhouse_Assessment/backend/chart_api/urls.py'> (None:None) 'api/'>, <URLPattern 'pie-chart-data/' [name='pie-chart-data']>]], 'path': 'api/candlestick-data//invalid/'}

During handling of the above exception, another exception occurred:

Traceback (most recent call last):
  File "/Users/nihu/anaconda3/lib/python3.11/site-packages/django/template/base.py", line 883, in _resolve_lookup
    current = current[bit]
              ~~~~~~~^^^^^
TypeError: 'URLResolver' object is not subscriptable

During handling of the above exception, another exception occurred:

Traceback (most recent call last):
  File "/Users/nihu/anaconda3/lib/python3.11/site-packages/django/template/base.py", line 893, in _resolve_lookup
    current = getattr(current, bit)
              ^^^^^^^^^^^^^^^^^^^^^
AttributeError: 'URLResolver' object has no attribute 'name'

During handling of the above exception, another exception occurred:

Traceback (most recent call last):
  File "/Users/nihu/anaconda3/lib/python3.11/site-packages/django/template/base.py", line 899, in _resolve_lookup
    current = current[int(bit)]
                      ^^^^^^^^
ValueError: invalid literal for int() with base 10: 'name'

During handling of the above exception, another exception occurred:

Traceback (most recent call last):
  File "/Users/nihu/anaconda3/lib/python3.11/site-packages/django/template/base.py", line 906, in _resolve_lookup
    raise VariableDoesNotExist(
django.template.base.VariableDoesNotExist: Failed lookup for key [name] in <URLResolver <URLPattern list> (admin:admin) 'admin/'>
Not Found: /api/candlestick-data//invalid/
Exception while resolving variable 'name' in template 'unknown'.
Traceback (most recent call last):
  File "/Users/nihu/anaconda3/lib/python3.11/site-packages/django/core/handlers/exception.py", line 55, in inner
    response = get_response(request)
               ^^^^^^^^^^^^^^^^^^^^^
  File "/Users/nihu/anaconda3/lib/python3.11/site-packages/django/core/handlers/base.py", line 181, in _get_response
    callback, callback_args, callback_kwargs = self.resolve_request(request)
                                               ^^^^^^^^^^^^^^^^^^^^^^^^^^^^^
  File "/Users/nihu/anaconda3/lib/python3.11/site-packages/django/core/handlers/base.py", line 313, in resolve_request
    resolver_match = resolver.resolve(request.path_info)
                     ^^^^^^^^^^^^^^^^^^^^^^^^^^^^^^^^^^^
  File "/Users/nihu/anaconda3/lib/python3.11/site-packages/django/urls/resolvers.py", line 705, in resolve
    raise Resolver404({"tried": tried, "path": new_path})
django.urls.exceptions.Resolver404: {'tried': [[<URLResolver <URLPattern list> (admin:admin) 'admin/'>], [<URLResolver <module 'chart_api.urls' from '/Users/nihu/Blockhouse_Assessment/backend/chart_api/urls.py'> (None:None) 'api/'>, <URLPattern 'candlestick-data/' [name='candlestick-data']>], [<URLResolver <module 'chart_api.urls' from '/Users/nihu/Blockhouse_Assessment/backend/chart_api/urls.py'> (None:None) 'api/'>, <URLPattern 'line-chart-data/' [name='line-chart-data']>], [<URLResolver <module 'chart_api.urls' from '/Users/nihu/Blockhouse_Assessment/backend/chart_api/urls.py'> (None:None) 'api/'>, <URLPattern 'bar-chart-data/' [name='bar-chart-data']>], [<URLResolver <module 'chart_api.urls' from '/Users/nihu/Blockhouse_Assessment/backend/chart_api/urls.py'> (None:None) 'api/'>, <URLPattern 'pie-chart-data/' [name='pie-chart-data']>]], 'path': 'api/line-chart-data//invalid/'}

During handling of the above exception, another exception occurred:

Traceback (most recent call last):
  File "/Users/nihu/anaconda3/lib/python3.11/site-packages/django/template/base.py", line 883, in _resolve_lookup
    current = current[bit]
              ~~~~~~~^^^^^
TypeError: 'URLResolver' object is not subscriptable

During handling of the above exception, another exception occurred:

Traceback (most recent call last):
  File "/Users/nihu/anaconda3/lib/python3.11/site-packages/django/template/base.py", line 893, in _resolve_lookup
    current = getattr(current, bit)
              ^^^^^^^^^^^^^^^^^^^^^
AttributeError: 'URLResolver' object has no attribute 'name'

During handling of the above exception, another exception occurred:

Traceback (most recent call last):
  File "/Users/nihu/anaconda3/lib/python3.11/site-packages/django/template/base.py", line 899, in _resolve_lookup
    current = current[int(bit)]
                      ^^^^^^^^
ValueError: invalid literal for int() with base 10: 'name'

During handling of the above exception, another exception occurred:

Traceback (most recent call last):
  File "/Users/nihu/anaconda3/lib/python3.11/site-packages/django/template/base.py", line 906, in _resolve_lookup
    raise VariableDoesNotExist(
django.template.base.VariableDoesNotExist: Failed lookup for key [name] in <URLResolver <URLPattern list> (admin:admin) 'admin/'>
Not Found: /api/line-chart-data//invalid/
Exception while resolving variable 'name' in template 'unknown'.
Traceback (most recent call last):
  File "/Users/nihu/anaconda3/lib/python3.11/site-packages/django/core/handlers/exception.py", line 55, in inner
    response = get_response(request)
               ^^^^^^^^^^^^^^^^^^^^^
  File "/Users/nihu/anaconda3/lib/python3.11/site-packages/django/core/handlers/base.py", line 181, in _get_response
    callback, callback_args, callback_kwargs = self.resolve_request(request)
                                               ^^^^^^^^^^^^^^^^^^^^^^^^^^^^^
  File "/Users/nihu/anaconda3/lib/python3.11/site-packages/django/core/handlers/base.py", line 313, in resolve_request
    resolver_match = resolver.resolve(request.path_info)
                     ^^^^^^^^^^^^^^^^^^^^^^^^^^^^^^^^^^^
  File "/Users/nihu/anaconda3/lib/python3.11/site-packages/django/urls/resolvers.py", line 705, in resolve
    raise Resolver404({"tried": tried, "path": new_path})
django.urls.exceptions.Resolver404: {'tried': [[<URLResolver <URLPattern list> (admin:admin) 'admin/'>], [<URLResolver <module 'chart_api.urls' from '/Users/nihu/Blockhouse_Assessment/backend/chart_api/urls.py'> (None:None) 'api/'>, <URLPattern 'candlestick-data/' [name='candlestick-data']>], [<URLResolver <module 'chart_api.urls' from '/Users/nihu/Blockhouse_Assessment/backend/chart_api/urls.py'> (None:None) 'api/'>, <URLPattern 'line-chart-data/' [name='line-chart-data']>], [<URLResolver <module 'chart_api.urls' from '/Users/nihu/Blockhouse_Assessment/backend/chart_api/urls.py'> (None:None) 'api/'>, <URLPattern 'bar-chart-data/' [name='bar-chart-data']>], [<URLResolver <module 'chart_api.urls' from '/Users/nihu/Blockhouse_Assessment/backend/chart_api/urls.py'> (None:None) 'api/'>, <URLPattern 'pie-chart-data/' [name='pie-chart-data']>]], 'path': 'api/pie-chart-data//invalid/'}

During handling of the above exception, another exception occurred:

Traceback (most recent call last):
  File "/Users/nihu/anaconda3/lib/python3.11/site-packages/django/template/base.py", line 883, in _resolve_lookup
    current = current[bit]
              ~~~~~~~^^^^^
TypeError: 'URLResolver' object is not subscriptable

During handling of the above exception, another exception occurred:

Traceback (most recent call last):
  File "/Users/nihu/anaconda3/lib/python3.11/site-packages/django/template/base.py", line 893, in _resolve_lookup
    current = getattr(current, bit)
              ^^^^^^^^^^^^^^^^^^^^^
AttributeError: 'URLResolver' object has no attribute 'name'

During handling of the above exception, another exception occurred:

Traceback (most recent call last):
  File "/Users/nihu/anaconda3/lib/python3.11/site-packages/django/template/base.py", line 899, in _resolve_lookup
    current = current[int(bit)]
                      ^^^^^^^^
ValueError: invalid literal for int() with base 10: 'name'

During handling of the above exception, another exception occurred:

Traceback (most recent call last):
  File "/Users/nihu/anaconda3/lib/python3.11/site-packages/django/template/base.py", line 906, in _resolve_lookup
    raise VariableDoesNotExist(
django.template.base.VariableDoesNotExist: Failed lookup for key [name] in <URLResolver <URLPattern list> (admin:admin) 'admin/'>
Not Found: /api/pie-chart-data//invalid/
Watching for file changes with StatReloader
Waiting for apps ready_event.
Apps ready_event triggered. Sending autoreload_started signal.
Watching dir /Users/nihu/anaconda3/lib/python3.11/site-packages/rest_framework/templates with glob **/*.
Watching dir /Users/nihu/Blockhouse_Assessment/backend/locale with glob **/*.mo.
Watching dir /Users/nihu/anaconda3/lib/python3.11/site-packages/rest_framework/locale with glob **/*.mo.
Watching dir /Users/nihu/Blockhouse_Assessment/backend/chart_api/locale with glob **/*.mo.
(0.002) 
            SELECT name, type FROM sqlite_master
            WHERE type in ('table', 'view') AND NOT name='sqlite_sequence'
            ORDER BY name; args=None; alias=default
(0.001) SELECT "django_migrations"."id", "django_migrations"."app", "django_migrations"."name", "django_migrations"."applied" FROM "django_migrations"; args=(); alias=default
File /Users/nihu/anaconda3/lib/python3.11/site-packages/yaml/__init__.py first seen with mtime 1678324474.564477
File /Users/nihu/anaconda3/lib/python3.11/asyncio/format_helpers.py first seen with mtime 1694439057.838561
File /Users/nihu/anaconda3/lib/python3.11/site-packages/django/core/cache/backends/base.py first seen with mtime 1725603828.2804637
File /Users/nihu/anaconda3/lib/python3.11/email/errors.py first seen with mtime 1694439058.086129
File /Users/nihu/anaconda3/lib/python3.11/sqlite3/__init__.py first seen with mtime 1694439058.879925
File /Users/nihu/anaconda3/lib/python3.11/site-packages/chardet/mbcharsetprober.py first seen with mtime 1678326123.8125
File /Users/nihu/anaconda3/lib/python3.11/asyncio/selector_events.py first seen with mtime 1694439057.856364
File /Users/nihu/anaconda3/lib/python3.11/site-packages/django/contrib/sessions/__init__.py first seen with mtime 1725603827.9670527
File /Users/nihu/anaconda3/lib/python3.11/email/mime/text.py first seen with mtime 1694439058.12836
File /Users/nihu/Blockhouse_Assessment/backend/chart_visualizer/settings.py first seen with mtime 1725838713.9410908
File /Users/nihu/anaconda3/lib/python3.11/concurrent/__init__.py first seen with mtime 1694439057.894085
File /Users/nihu/anaconda3/lib/python3.11/site-packages/docutils/frontend.py first seen with mtime 1678316161.917195
File /Users/nihu/anaconda3/lib/python3.11/email/quoprimime.py first seen with mtime 1694439058.105626
File /Users/nihu/anaconda3/lib/python3.11/site-packages/django/views/debug.py first seen with mtime 1725603828.5803788
File /Users/nihu/anaconda3/lib/python3.11/site-packages/django/contrib/admin/utils.py first seen with mtime 1725603826.134188
File /Users/nihu/anaconda3/lib/python3.11/site-packages/chardet/cp949prober.py first seen with mtime 1678326123.805639
File /Users/nihu/anaconda3/lib/python3.11/site-packages/django/core/serializers/json.py first seen with mtime 1725603828.3246922
File /Users/nihu/anaconda3/lib/python3.11/site-packages/django/core/checks/templates.py first seen with mtime 1725603828.2867808
File /Users/nihu/anaconda3/lib/python3.11/site-packages/rest_framework/utils/serializer_helpers.py first seen with mtime 1725603837.2353804
File /Users/nihu/anaconda3/lib/python3.11/site-packages/django/utils/__init__.py first seen with mtime 1725603828.5452297
File /Users/nihu/anaconda3/lib/python3.11/logging/__init__.py first seen with mtime 1694439058.797554
File /Users/nihu/anaconda3/lib/python3.11/site-packages/django/contrib/auth/apps.py first seen with mtime 1725603826.6961799
File /Users/nihu/anaconda3/lib/python3.11/site-packages/rest_framework/utils/model_meta.py first seen with mtime 1725603837.2347598
File /Users/nihu/anaconda3/lib/python3.11/site-packages/django/utils/inspect.py first seen with mtime 1725603828.564855
File /Users/nihu/anaconda3/lib/python3.11/email/parser.py first seen with mtime 1694439058.101252
File /Users/nihu/anaconda3/lib/python3.11/site-packages/requests/_internal_utils.py first seen with mtime 1690400310.157665
File /Users/nihu/anaconda3/lib/python3.11/site-packages/django/utils/timezone.py first seen with mtime 1725603828.574552
File /Users/nihu/anaconda3/lib/python3.11/email/mime/message.py first seen with mtime 1694439058.122704
File /Users/nihu/anaconda3/lib/python3.11/site-packages/django/core/checks/compatibility/django_4_0.py first seen with mtime 1725603828.2882934
File /Users/nihu/Blockhouse_Assessment/backend/chart_visualizer/__init__.py first seen with mtime 1725604091.6690657
File /Users/nihu/anaconda3/lib/python3.11/site-packages/chardet/charsetprober.py first seen with mtime 1678326123.804891
File /Users/nihu/anaconda3/lib/python3.11/site-packages/django/db/models/sql/where.py first seen with mtime 1725603828.4247162
File /Users/nihu/anaconda3/lib/python3.11/site-packages/django/templatetags/l10n.py first seen with mtime 1725603828.5235307
File /Users/nihu/anaconda3/lib/python3.11/site-packages/rest_framework/views.py first seen with mtime 1725603837.1188252
File /Users/nihu/anaconda3/lib/python3.11/site-packages/django/contrib/messages/api.py first seen with mtime 1725603827.5612173
File /Users/nihu/anaconda3/lib/python3.11/asyncio/subprocess.py first seen with mtime 1694439057.864465
File /Users/nihu/anaconda3/lib/python3.11/site-packages/django/views/__init__.py first seen with mtime 1725603828.57948
File /Users/nihu/anaconda3/lib/python3.11/site-packages/rest_framework/utils/json.py first seen with mtime 1725603837.2341156
File /Users/nihu/anaconda3/lib/python3.11/site-packages/django/contrib/staticfiles/management/__init__.py first seen with mtime 1725603828.2720287
File /Users/nihu/anaconda3/lib/python3.11/site-packages/django/contrib/auth/hashers.py first seen with mtime 1725603826.6996808
File /Users/nihu/anaconda3/lib/python3.11/typing.py first seen with mtime 1694439057.791198
File /Users/nihu/anaconda3/lib/python3.11/site-packages/rest_framework/utils/field_mapping.py first seen with mtime 1725603837.232901
File /Users/nihu/anaconda3/lib/python3.11/uuid.py first seen with mtime 1694439057.794915
File /Users/nihu/anaconda3/lib/python3.11/asyncio/base_futures.py first seen with mtime 1694439057.825491
File /Users/nihu/anaconda3/lib/python3.11/site-packages/yaml/tokens.py first seen with mtime 1678324474.569536
File /Users/nihu/anaconda3/lib/python3.11/bisect.py first seen with mtime 1694439057.556526
File /Users/nihu/anaconda3/lib/python3.11/site-packages/charset_normalizer/version.py first seen with mtime 1630003258.0
File /Users/nihu/anaconda3/lib/python3.11/site-packages/django/contrib/auth/password_validation.py first seen with mtime 1725603826.701671
File /Users/nihu/anaconda3/lib/python3.11/site-packages/docutils/utils/punctuation_chars.py first seen with mtime 1678316161.987385
File /Users/nihu/anaconda3/lib/python3.11/site-packages/asgiref/current_thread_executor.py first seen with mtime 1725603825.660802
File /Users/nihu/anaconda3/lib/python3.11/locale.py first seen with mtime 1694439057.646774
File /Users/nihu/anaconda3/lib/python3.11/gzip.py first seen with mtime 1694439057.625607
File /Users/nihu/anaconda3/lib/python3.11/site-packages/django/template/backends/django.py first seen with mtime 1725603828.515656
File /Users/nihu/anaconda3/lib/python3.11/site-packages/django/utils/functional.py first seen with mtime 1725603828.5612602
File /Users/nihu/anaconda3/lib/python3.11/site-packages/django/forms/models.py first seen with mtime 1725603828.4329262
File /Users/nihu/anaconda3/lib/python3.11/site-packages/django/core/cache/utils.py first seen with mtime 1725603828.2796385
File /Users/nihu/anaconda3/lib/python3.11/lib-dynload/pyexpat.cpython-311-darwin.so first seen with mtime 1694439089.87427
File /Users/nihu/anaconda3/lib/python3.11/importlib/__init__.py first seen with mtime 1694439058.582586
File /Users/nihu/anaconda3/lib/python3.11/site-packages/django/forms/widgets.py first seen with mtime 1725603828.4346151
File /Users/nihu/anaconda3/lib/python3.11/site-packages/django/contrib/auth/management/__init__.py first seen with mtime 1725603826.8367054
File /Users/nihu/anaconda3/lib/python3.11/site-packages/django/http/response.py first seen with mtime 1725603828.4943423
File /Users/nihu/anaconda3/lib/python3.11/site-packages/sqlparse/filters/reindent.py first seen with mtime 1725603825.382309
File /Users/nihu/anaconda3/lib/python3.11/site-packages/django/db/models/sql/subqueries.py first seen with mtime 1725603828.4241757
File /Users/nihu/anaconda3/lib/python3.11/site-packages/urllib3/util/request.py first seen with mtime 1686163276.270915
File /Users/nihu/anaconda3/lib/python3.11/site-packages/django/contrib/contenttypes/__init__.py first seen with mtime 1725603826.844949
File /Users/nihu/anaconda3/lib/python3.11/site-packages/django/core/checks/caches.py first seen with mtime 1725603828.283975
File /Users/nihu/anaconda3/lib/python3.11/site-packages/charset_normalizer/__init__.py first seen with mtime 1630003258.0
File /Users/nihu/anaconda3/lib/python3.11/xml/etree/ElementTree.py first seen with mtime 1694439059.078323
File /Users/nihu/anaconda3/lib/python3.11/site-packages/django/dispatch/dispatcher.py first seen with mtime 1725603828.4277358
File /Users/nihu/anaconda3/lib/python3.11/ctypes/__init__.py first seen with mtime 1694439057.90965
File /Users/nihu/anaconda3/lib/python3.11/warnings.py first seen with mtime 1694439057.79668
File /Users/nihu/anaconda3/lib/python3.11/site-packages/django/core/files/storage/memory.py first seen with mtime 1725603828.2967381
File /Users/nihu/anaconda3/lib/python3.11/site-packages/django/db/__init__.py first seen with mtime 1725603828.3295577
File /Users/nihu/anaconda3/lib/python3.11/site-packages/django/contrib/admin/templatetags/__init__.py first seen with mtime 1725603826.5671945
File /Users/nihu/Blockhouse_Assessment/backend/chart_api/__init__.py first seen with mtime 1725604335.2799196
File /Users/nihu/anaconda3/lib/python3.11/site-packages/rest_framework/schemas/openapi.py first seen with mtime 1725603837.1715598
File /Users/nihu/anaconda3/lib/python3.11/site-packages/django/contrib/sites/requests.py first seen with mtime 1725603828.1314988
File /Users/nihu/anaconda3/lib/python3.11/site-packages/django/db/backends/sqlite3/_functions.py first seen with mtime 1725603828.3681417
File /Users/nihu/anaconda3/lib/python3.11/site-packages/django/contrib/admin/templatetags/admin_urls.py first seen with mtime 1725603826.568388
File /Users/nihu/anaconda3/lib/python3.11/lib-dynload/zlib.cpython-311-darwin.so first seen with mtime 1694439083.400624
File /Users/nihu/anaconda3/lib/python3.11/site-packages/urllib3/contrib/_appengine_environ.py first seen with mtime 1686163276.265969
File /Users/nihu/anaconda3/lib/python3.11/site-packages/urllib3/util/ssl_.py first seen with mtime 1686163276.271787
File /Users/nihu/Blockhouse_Assessment/backend/chart_api/urls.py first seen with mtime 1725606423.0949855
File /Users/nihu/anaconda3/lib/python3.11/subprocess.py first seen with mtime 1694439057.752974
File /Users/nihu/anaconda3/lib/python3.11/enum.py first seen with mtime 1694439057.602562
File /Users/nihu/anaconda3/lib/python3.11/site-packages/django/db/migrations/migration.py first seen with mtime 1725603828.3804865
File /Users/nihu/anaconda3/lib/python3.11/site-packages/django/template/loader_tags.py first seen with mtime 1725603828.511247
File /Users/nihu/anaconda3/lib/python3.11/site-packages/urllib3/util/response.py first seen with mtime 1686163276.271172
File /Users/nihu/anaconda3/lib/python3.11/site-packages/django/contrib/sites/__init__.py first seen with mtime 1725603828.128036
File /Users/nihu/anaconda3/lib/python3.11/site-packages/django/contrib/admin/apps.py first seen with mtime 1725603826.1288118
File /Users/nihu/anaconda3/lib/python3.11/site-packages/django/contrib/auth/validators.py first seen with mtime 1725603826.7040443
File /Users/nihu/anaconda3/lib/python3.11/site-packages/sqlparse/filters/aligned_indent.py first seen with mtime 1725603825.3807595
File /Users/nihu/anaconda3/lib/python3.11/site-packages/django/utils/module_loading.py first seen with mtime 1725603828.569454
File /Users/nihu/anaconda3/lib/python3.11/site-packages/django/core/files/base.py first seen with mtime 1725603828.2910662
File /Users/nihu/anaconda3/lib/python3.11/site-packages/django/db/backends/sqlite3/creation.py first seen with mtime 1725603828.3713317
File /Users/nihu/anaconda3/lib/python3.11/importlib/resources/_itertools.py first seen with mtime 1694439058.607618
File /Users/nihu/anaconda3/lib/python3.11/site-packages/rest_framework/apps.py first seen with mtime 1725603837.0996187
File /Users/nihu/anaconda3/lib/python3.11/site-packages/django/db/migrations/__init__.py first seen with mtime 1725603828.3739827
File /Users/nihu/anaconda3/lib/python3.11/email/_header_value_parser.py first seen with mtime 1694439058.069992
File /Users/nihu/anaconda3/lib/python3.11/site-packages/django/utils/cache.py first seen with mtime 1725603828.5488672
File /Users/nihu/anaconda3/lib/python3.11/site-packages/django/contrib/staticfiles/management/commands/runserver.py first seen with mtime 1725603828.2737048
File /Users/nihu/anaconda3/lib/python3.11/site-packages/yaml/emitter.py first seen with mtime 1678324474.566986
File /Users/nihu/anaconda3/lib/python3.11/email/feedparser.py first seen with mtime 1694439058.088263
File /Users/nihu/anaconda3/lib/python3.11/lib-dynload/_opcode.cpython-311-darwin.so first seen with mtime 1694439086.885499
File /Users/nihu/anaconda3/lib/python3.11/site-packages/rest_framework/schemas/inspectors.py first seen with mtime 1725603837.1708405
File /Users/nihu/anaconda3/lib/python3.11/site-packages/rest_framework/templatetags/__init__.py first seen with mtime 1725603837.2311537
File /Users/nihu/anaconda3/lib/python3.11/http/cookies.py first seen with mtime 1694439058.400453
File /Users/nihu/anaconda3/lib/python3.11/site-packages/sqlparse/filters/others.py first seen with mtime 1725603825.3812354
File /Users/nihu/anaconda3/lib/python3.11/lib-dynload/_sqlite3.cpython-311-darwin.so first seen with mtime 1694439084.598907
File /Users/nihu/anaconda3/lib/python3.11/site-packages/yaml/composer.py first seen with mtime 1678324474.565964
File /Users/nihu/anaconda3/lib/python3.11/lib-dynload/_sha512.cpython-311-darwin.so first seen with mtime 1694439086.562579
File /Users/nihu/anaconda3/lib/python3.11/site-packages/django/contrib/auth/decorators.py first seen with mtime 1725603826.6988525
File /Users/nihu/anaconda3/lib/python3.11/lib-dynload/math.cpython-311-darwin.so first seen with mtime 1694439085.702098
File /Users/nihu/anaconda3/lib/python3.11/site-packages/django/core/checks/database.py first seen with mtime 1725603828.2844293
File /Users/nihu/anaconda3/lib/python3.11/site-packages/yaml/dumper.py first seen with mtime 1678324474.566672
File /Users/nihu/anaconda3/lib/python3.11/site-packages/docutils/parsers/rst/tableparser.py first seen with mtime 1678316161.926808
File /Users/nihu/anaconda3/lib/python3.11/site-packages/rest_framework/parsers.py first seen with mtime 1725603837.1092353
File /Users/nihu/anaconda3/lib/python3.11/site-packages/django/core/checks/__init__.py first seen with mtime 1725603828.283321
File /Users/nihu/anaconda3/lib/python3.11/ipaddress.py first seen with mtime 1694439057.641506
File /Users/nihu/anaconda3/lib/python3.11/lib-dynload/_ssl.cpython-311-darwin.so first seen with mtime 1694439090.263964
File /Users/nihu/anaconda3/lib/python3.11/site-packages/pytz/exceptions.py first seen with mtime 1695131634.716372
File /Users/nihu/anaconda3/lib/python3.11/site-packages/rest_framework/renderers.py first seen with mtime 1725603837.111706
File /Users/nihu/anaconda3/lib/python3.11/site-packages/django/core/checks/urls.py first seen with mtime 1725603828.2874796
File /Users/nihu/anaconda3/lib/python3.11/site-packages/django/db/migrations/operations/fields.py first seen with mtime 1725603828.3867798
File /Users/nihu/anaconda3/lib/python3.11/site-packages/django/utils/deprecation.py first seen with mtime 1725603828.5557792
File /Users/nihu/anaconda3/lib/python3.11/site-packages/pygments/formatter.py first seen with mtime 1684280052.00318
File /Users/nihu/anaconda3/lib/python3.11/_compression.py first seen with mtime 1694439057.522791
File /Users/nihu/anaconda3/lib/python3.11/site-packages/django/contrib/admin/widgets.py first seen with mtime 1725603826.1346364
File /Users/nihu/anaconda3/lib/python3.11/site-packages/django/contrib/staticfiles/handlers.py first seen with mtime 1725603828.2697556
File /Users/nihu/anaconda3/lib/python3.11/site-packages/django/db/models/fields/proxy.py first seen with mtime 1725603828.4080083
File /Users/nihu/anaconda3/lib/python3.11/site-packages/pygments/lexers/special.py first seen with mtime 1684280052.066725
File /Users/nihu/anaconda3/lib/python3.11/urllib/request.py first seen with mtime 1694439059.005048
File /Users/nihu/anaconda3/lib/python3.11/site-packages/django/core/handlers/exception.py first seen with mtime 1725603828.299375
File /Users/nihu/anaconda3/lib/python3.11/site-packages/django/views/decorators/cache.py first seen with mtime 1725603828.5824726
File /Users/nihu/anaconda3/lib/python3.11/site-packages/django/db/models/functions/mixins.py first seen with mtime 1725603828.415879
File /Users/nihu/anaconda3/lib/python3.11/site-packages/django/db/backends/base/operations.py first seen with mtime 1725603828.3386452
File /Users/nihu/anaconda3/lib/python3.11/site-packages/urllib3/_version.py first seen with mtime 1686163276.262859
File /Users/nihu/anaconda3/lib/python3.11/site-packages/docutils/__init__.py first seen with mtime 1678316161.916295
File /Users/nihu/anaconda3/lib/python3.11/site-packages/django/core/serializers/python.py first seen with mtime 1725603828.3272736
File /Users/nihu/anaconda3/lib/python3.11/site-packages/docutils/parsers/rst/roles.py first seen with mtime 1678316161.925791
File /Users/nihu/anaconda3/lib/python3.11/site-packages/django/core/management/commands/__init__.py first seen with mtime 1725603828.3105965
File /Users/nihu/anaconda3/lib/python3.11/site-packages/sqlparse/cli.py first seen with mtime 1725603825.3758855
File /Users/nihu/anaconda3/lib/python3.11/site-packages/django/db/models/query_utils.py first seen with mtime 1725603828.4006383
File /Users/nihu/anaconda3/lib/python3.11/site-packages/django/core/files/storage/filesystem.py first seen with mtime 1725603828.2959216
File /Users/nihu/anaconda3/lib/python3.11/site-packages/sqlparse/engine/__init__.py first seen with mtime 1725603825.3789158
File /Users/nihu/anaconda3/lib/python3.11/site-packages/django/db/models/functions/math.py first seen with mtime 1725603828.4152374
File /Users/nihu/anaconda3/lib/python3.11/importlib/resources/abc.py first seen with mtime 1694439058.611422
File /Users/nihu/anaconda3/lib/python3.11/site-packages/django/core/handlers/__init__.py first seen with mtime 1725603828.297617
File /Users/nihu/anaconda3/lib/python3.11/asyncio/base_subprocess.py first seen with mtime 1694439057.82734
File /Users/nihu/anaconda3/lib/python3.11/site-packages/django/core/validators.py first seen with mtime 1725603828.2783659
File /Users/nihu/anaconda3/lib/python3.11/site-packages/markdown/__init__.py first seen with mtime 1678377889.690202
File /Users/nihu/anaconda3/lib/python3.11/site-packages/rest_framework/relations.py first seen with mtime 1725603837.1107662
File /Users/nihu/anaconda3/lib/python3.11/site-packages/rest_framework/authentication.py first seen with mtime 1725603837.100098
File /Users/nihu/anaconda3/lib/python3.11/site-packages/django/utils/deconstruct.py first seen with mtime 1725603828.5546288
File /Users/nihu/anaconda3/lib/python3.11/site-packages/_cffi_backend.cpython-311-darwin.so first seen with mtime 1678315340.389231
File /Users/nihu/anaconda3/lib/python3.11/site-packages/django/utils/termcolors.py first seen with mtime 1725603828.5716674
File /Users/nihu/anaconda3/lib/python3.11/site-packages/chardet/version.py first seen with mtime 1678326123.814301
File /Users/nihu/anaconda3/lib/python3.11/site-packages/docutils/utils/roman.py first seen with mtime 1678316161.9876
File /Users/nihu/anaconda3/lib/python3.11/lib-dynload/_uuid.cpython-311-darwin.so first seen with mtime 1694439084.001511
File /Users/nihu/anaconda3/lib/python3.11/platform.py first seen with mtime 1694439057.684266
File /Users/nihu/anaconda3/lib/python3.11/secrets.py first seen with mtime 1694439057.716063
File /Users/nihu/anaconda3/lib/python3.11/urllib/response.py first seen with mtime 1694439059.006957
File /Users/nihu/anaconda3/lib/python3.11/site-packages/django/middleware/security.py first seen with mtime 1725603828.5004737
File /Users/nihu/anaconda3/lib/python3.11/site-packages/asgiref/sync.py first seen with mtime 1725603825.663834
File /Users/nihu/anaconda3/lib/python3.11/datetime.py first seen with mtime 1694439057.593684
File /Users/nihu/anaconda3/lib/python3.11/site-packages/chardet/langbulgarianmodel.py first seen with mtime 1678326123.809715
File /Users/nihu/anaconda3/lib/python3.11/lib-dynload/_scproxy.cpython-311-darwin.so first seen with mtime 1694439082.623317
File /Users/nihu/anaconda3/lib/python3.11/json/decoder.py first seen with mtime 1694439058.637785
File /Users/nihu/anaconda3/lib/python3.11/wsgiref/util.py first seen with mtime 1694439059.045433
File /Users/nihu/anaconda3/lib/python3.11/decimal.py first seen with mtime 1694439057.595481
File /Users/nihu/anaconda3/lib/python3.11/site-packages/django/contrib/auth/signals.py first seen with mtime 1725603826.7023735
File /Users/nihu/anaconda3/lib/python3.11/site-packages/pygments/formatters/__init__.py first seen with mtime 1684280052.007074
File /Users/nihu/anaconda3/lib/python3.11/lib-dynload/fcntl.cpython-311-darwin.so first seen with mtime 1694439086.23585
File /Users/nihu/anaconda3/lib/python3.11/pkgutil.py first seen with mtime 1694439057.682423
File /Users/nihu/anaconda3/lib/python3.11/site-packages/django/contrib/auth/base_user.py first seen with mtime 1725603826.6969366
File /Users/nihu/anaconda3/lib/python3.11/site-packages/django/contrib/sites/shortcuts.py first seen with mtime 1725603828.1318908
File /Users/nihu/anaconda3/lib/python3.11/lib-dynload/binascii.cpython-311-darwin.so first seen with mtime 1694439083.284181
File /Users/nihu/anaconda3/lib/python3.11/site-packages/asgiref/local.py first seen with mtime 1725603825.661478
File /Users/nihu/anaconda3/lib/python3.11/collections/abc.py first seen with mtime 1694439057.889383
File /Users/nihu/anaconda3/lib/python3.11/site-packages/django/db/backends/sqlite3/features.py first seen with mtime 1725603828.3719275
File /Users/nihu/anaconda3/lib/python3.11/site-packages/django/utils/dateformat.py first seen with mtime 1725603828.5521472
File /Users/nihu/anaconda3/lib/python3.11/site-packages/rest_framework/validators.py first seen with mtime 1725603837.1179554
File /Users/nihu/anaconda3/lib/python3.11/site-packages/urllib3/contrib/socks.py first seen with mtime 1686163276.267445
File /Users/nihu/anaconda3/lib/python3.11/site-packages/django/db/models/constraints.py first seen with mtime 1725603828.3944888
File /Users/nihu/anaconda3/lib/python3.11/lib-dynload/_decimal.cpython-311-darwin.so first seen with mtime 1694439085.259938
File /Users/nihu/anaconda3/lib/python3.11/site-packages/pygments/styles/default.py first seen with mtime 1684280052.079176
File /Users/nihu/anaconda3/lib/python3.11/site-packages/django/db/models/sql/__init__.py first seen with mtime 1725603828.4177678
File /Users/nihu/anaconda3/lib/python3.11/site-packages/sqlparse/engine/filter_stack.py first seen with mtime 1725603825.3792152
File /Users/nihu/anaconda3/lib/python3.11/site-packages/urllib3/util/connection.py first seen with mtime 1686163276.270179
File /Users/nihu/anaconda3/lib/python3.11/importlib/resources/_adapters.py first seen with mtime 1694439058.603666
File /Users/nihu/anaconda3/lib/python3.11/lib-dynload/_heapq.cpython-311-darwin.so first seen with mtime 1694439087.571466
File /Users/nihu/anaconda3/lib/python3.11/site-packages/django/contrib/postgres/lookups.py first seen with mtime 1725603827.585727
File /Users/nihu/anaconda3/lib/python3.11/site-packages/docutils/core.py first seen with mtime 1678316161.916618
File /Users/nihu/anaconda3/lib/python3.11/site-packages/django/db/backends/sqlite3/introspection.py first seen with mtime 1725603828.3725429
File /Users/nihu/anaconda3/lib/python3.11/site-packages/django/views/generic/detail.py first seen with mtime 1725603828.5898
File /Users/nihu/anaconda3/lib/python3.11/site-packages/django/contrib/admin/decorators.py first seen with mtime 1725603826.1298535
File /Users/nihu/anaconda3/lib/python3.11/site-packages/django/contrib/admindocs/__init__.py first seen with mtime 1725603826.571517
File /Users/nihu/anaconda3/lib/python3.11/encodings/__init__.py first seen with mtime 1694439058.132963
File /Users/nihu/anaconda3/lib/python3.11/site-packages/chardet/__init__.py first seen with mtime 1678326123.803608
File /Users/nihu/anaconda3/lib/python3.11/site-packages/pygments/styles/__init__.py first seen with mtime 1684280052.077089
File /Users/nihu/anaconda3/lib/python3.11/zoneinfo/_tzpath.py first seen with mtime 1694439059.121074
File /Users/nihu/anaconda3/lib/python3.11/site-packages/docutils/parsers/rst/languages/__init__.py first seen with mtime 1678316161.976937
File /Users/nihu/anaconda3/lib/python3.11/site-packages/rest_framework/schemas/__init__.py first seen with mtime 1725603837.1693118
File /Users/nihu/anaconda3/lib/python3.11/_compat_pickle.py first seen with mtime 1694439057.52106
File /Users/nihu/anaconda3/lib/python3.11/threading.py first seen with mtime 1694439057.771727
File /Users/nihu/anaconda3/lib/python3.11/site-packages/requests/__init__.py first seen with mtime 1690400310.156991
File /Users/nihu/anaconda3/lib/python3.11/asyncio/threads.py first seen with mtime 1694439057.870664
File /Users/nihu/anaconda3/lib/python3.11/site-packages/yaml/serializer.py first seen with mtime 1678324474.569329
File /Users/nihu/anaconda3/lib/python3.11/site-packages/django/db/backends/utils.py first seen with mtime 1725603828.3337243
File /Users/nihu/anaconda3/lib/python3.11/site-packages/django/template/engine.py first seen with mtime 1725603828.5081394
File /Users/nihu/anaconda3/lib/python3.11/site-packages/django/core/servers/__init__.py first seen with mtime 1725603828.328633
File /Users/nihu/anaconda3/lib/python3.11/site-packages/requests/hooks.py first seen with mtime 1690400310.160696
File /Users/nihu/anaconda3/lib/python3.11/site-packages/django/db/migrations/operations/models.py first seen with mtime 1725603828.3891745
File /Users/nihu/anaconda3/lib/python3.11/lib-dynload/_statistics.cpython-311-darwin.so first seen with mtime 1694439089.181072
File /Users/nihu/anaconda3/lib/python3.11/lib-dynload/_struct.cpython-311-darwin.so first seen with mtime 1694439082.053709
File /Users/nihu/anaconda3/lib/python3.11/site-packages/yaml/parser.py first seen with mtime 1678324474.568105
File /Users/nihu/anaconda3/lib/python3.11/site-packages/django/db/migrations/operations/base.py first seen with mtime 1725603828.3862445
File /Users/nihu/anaconda3/lib/python3.11/site-packages/rest_framework/templatetags/rest_framework.py first seen with mtime 1725603837.2316053
File /Users/nihu/anaconda3/lib/python3.11/site-packages/django/db/models/functions/window.py first seen with mtime 1725603828.4171348
File /Users/nihu/anaconda3/lib/python3.11/tempfile.py first seen with mtime 1694439057.765742
File /Users/nihu/anaconda3/lib/python3.11/json/scanner.py first seen with mtime 1694439058.641449
File /Users/nihu/anaconda3/lib/python3.11/asyncio/runners.py first seen with mtime 1694439057.854114
File /Users/nihu/anaconda3/lib/python3.11/site-packages/django/core/paginator.py first seen with mtime 1725603828.2767947
File /Users/nihu/anaconda3/lib/python3.11/site-packages/django/views/i18n.py first seen with mtime 1725603828.5812123
File /Users/nihu/anaconda3/lib/python3.11/site-packages/django/db/models/base.py first seen with mtime 1725603828.3932178
File /Users/nihu/anaconda3/lib/python3.11/site-packages/rest_framework/utils/timezone.py first seen with mtime 1725603837.2356727
File /Users/nihu/anaconda3/lib/python3.11/site-packages/django/utils/datastructures.py first seen with mtime 1725603828.5514622
File /Users/nihu/anaconda3/lib/python3.11/site-packages/urllib3/util/retry.py first seen with mtime 1686163276.27148
File /Users/nihu/anaconda3/lib/python3.11/site-packages/markdown/blockparser.py first seen with mtime 1678377889.690906
File /Users/nihu/anaconda3/lib/python3.11/site-packages/django/db/models/expressions.py first seen with mtime 1725603828.3964334
File /Users/nihu/anaconda3/lib/python3.11/asyncio/protocols.py first seen with mtime 1694439057.850385
File /Users/nihu/anaconda3/lib/python3.11/site-packages/rest_framework/utils/humanize_datetime.py first seen with mtime 1725603837.2338321
File /Users/nihu/anaconda3/lib/python3.11/site-packages/pygments/modeline.py first seen with mtime 1684280052.003912
File /Users/nihu/anaconda3/lib/python3.11/token.py first seen with mtime 1694439057.775595
File /Users/nihu/anaconda3/lib/python3.11/site-packages/django/template/defaulttags.py first seen with mtime 1725603828.507241
File /Users/nihu/anaconda3/lib/python3.11/site-packages/django/db/transaction.py first seen with mtime 1725603828.3299713
File /Users/nihu/anaconda3/lib/python3.11/site-packages/django/core/checks/files.py first seen with mtime 1725603828.2851534
File /Users/nihu/anaconda3/lib/python3.11/site-packages/django/db/models/fields/related.py first seen with mtime 1725603828.4092815
File /Users/nihu/anaconda3/lib/python3.11/site-packages/docutils/utils/urischemes.py first seen with mtime 1678316161.988192
File /Users/nihu/anaconda3/lib/python3.11/email/message.py first seen with mtime 1694439058.099066
File /Users/nihu/anaconda3/lib/python3.11/stringprep.py first seen with mtime 1694439057.749456
File /Users/nihu/anaconda3/lib/python3.11/site-packages/django/core/mail/utils.py first seen with mtime 1725603828.3019955
File /Users/nihu/anaconda3/lib/python3.11/site-packages/django/utils/ipv6.py first seen with mtime 1725603828.5654783
File /Users/nihu/anaconda3/lib/python3.11/sqlite3/dbapi2.py first seen with mtime 1694439058.881745
File /Users/nihu/anaconda3/lib/python3.11/site-packages/django/core/management/__init__.py first seen with mtime 1725603828.3064644
File /Users/nihu/anaconda3/lib/python3.11/site-packages/django/core/signals.py first seen with mtime 1725603828.2772982
File /Users/nihu/anaconda3/lib/python3.11/site-packages/sqlparse/engine/statement_splitter.py first seen with mtime 1725603825.379935
File /Users/nihu/anaconda3/lib/python3.11/site-packages/sqlparse/exceptions.py first seen with mtime 1725603825.376244
File /Users/nihu/anaconda3/lib/python3.11/site-packages/django/contrib/contenttypes/checks.py first seen with mtime 1725603826.8460283
File /Users/nihu/anaconda3/lib/python3.11/site-packages/django/db/migrations/exceptions.py first seen with mtime 1725603828.3770072
File /Users/nihu/anaconda3/lib/python3.11/asyncio/transports.py first seen with mtime 1694439057.87467
File /Users/nihu/anaconda3/lib/python3.11/site-packages/django/core/servers/basehttp.py first seen with mtime 1725603828.3290718
File /Users/nihu/anaconda3/lib/python3.11/site-packages/requests/compat.py first seen with mtime 1690400310.159393
File /Users/nihu/anaconda3/lib/python3.11/site-packages/django/db/utils.py first seen with mtime 1725603828.3304725
File /Users/nihu/anaconda3/lib/python3.11/site-packages/django/contrib/postgres/forms/hstore.py first seen with mtime 1725603827.5984643
File /Users/nihu/anaconda3/lib/python3.11/site-packages/charset_normalizer/md.py first seen with mtime 1630003258.0
File /Users/nihu/anaconda3/lib/python3.11/site-packages/django/contrib/sessions/middleware.py first seen with mtime 1725603827.9692142
File /Users/nihu/anaconda3/lib/python3.11/site-packages/django/contrib/contenttypes/views.py first seen with mtime 1725603826.8480346
File /Users/nihu/anaconda3/lib/python3.11/site-packages/pygments/plugin.py first seen with mtime 1684280052.004267
File /Users/nihu/anaconda3/lib/python3.11/queue.py first seen with mtime 1694439057.703631
File /Users/nihu/anaconda3/lib/python3.11/site-packages/django/urls/__init__.py first seen with mtime 1725603828.538521
File /Users/nihu/anaconda3/lib/python3.11/site-packages/charset_normalizer/api.py first seen with mtime 1630003258.0
File /Users/nihu/anaconda3/lib/python3.11/site-packages/django/dispatch/__init__.py first seen with mtime 1725603828.427166
File /Users/nihu/anaconda3/lib/python3.11/site-packages/django/template/__init__.py first seen with mtime 1725603828.5012982
File /Users/nihu/anaconda3/lib/python3.11/site-packages/django/db/models/fields/json.py first seen with mtime 1725603828.4063642
File /Users/nihu/anaconda3/lib/python3.11/site-packages/django/utils/asyncio.py first seen with mtime 1725603828.5474164
File /Users/nihu/anaconda3/lib/python3.11/site-packages/django/contrib/sessions/apps.py first seen with mtime 1725603827.9678156
File /Users/nihu/anaconda3/lib/python3.11/site-packages/django/core/files/storage/__init__.py first seen with mtime 1725603828.2951727
File /Users/nihu/anaconda3/lib/python3.11/site-packages/django/contrib/sessions/base_session.py first seen with mtime 1725603827.9683554
File /Users/nihu/anaconda3/lib/python3.11/site-packages/django/db/backends/base/client.py first seen with mtime 1725603828.334923
File /Users/nihu/anaconda3/lib/python3.11/site-packages/django/template/loaders/filesystem.py first seen with mtime 1725603828.5205536
File /Users/nihu/anaconda3/lib/python3.11/site-packages/django/utils/version.py first seen with mtime 1725603828.5755217
File /Users/nihu/anaconda3/lib/python3.11/json/__init__.py first seen with mtime 1694439058.63589
File /Users/nihu/anaconda3/lib/python3.11/site-packages/yaml/resolver.py first seen with mtime 1678324474.56879
File /Users/nihu/anaconda3/lib/python3.11/site-packages/django/utils/numberformat.py first seen with mtime 1725603828.5699806
File /Users/nihu/anaconda3/lib/python3.11/html/__init__.py first seen with mtime 1694439058.386663
File /Users/nihu/anaconda3/lib/python3.11/contextvars.py first seen with mtime 1694439057.583208
File /Users/nihu/anaconda3/lib/python3.11/zipfile.py first seen with mtime 1694439057.808116
File /Users/nihu/anaconda3/lib/python3.11/site-packages/django/core/files/storage/mixins.py first seen with mtime 1725603828.297083
File /Users/nihu/anaconda3/lib/python3.11/email/charset.py first seen with mtime 1694439058.079758
File /Users/nihu/Blockhouse_Assessment/backend/chart_api/views.py first seen with mtime 1725838041.0968614
File /Users/nihu/anaconda3/lib/python3.11/site-packages/pygments/__init__.py first seen with mtime 1684280052.001692
File /Users/nihu/anaconda3/lib/python3.11/site-packages/django/db/models/functions/text.py first seen with mtime 1725603828.4165206
File /Users/nihu/anaconda3/lib/python3.11/site-packages/django/core/handlers/asgi.py first seen with mtime 1725603828.2982776
File /Users/nihu/anaconda3/lib/python3.11/site-packages/sqlparse/keywords.py first seen with mtime 1725603825.3770235
File /Users/nihu/anaconda3/lib/python3.11/struct.py first seen with mtime 1694439057.751242
File /Users/nihu/anaconda3/lib/python3.11/site-packages/django/db/models/options.py first seen with mtime 1725603828.3988073
File /Users/nihu/anaconda3/lib/python3.11/weakref.py first seen with mtime 1694439057.800357
File /Users/nihu/anaconda3/lib/python3.11/site-packages/docutils/transforms/__init__.py first seen with mtime 1678316161.984255
File /Users/nihu/anaconda3/lib/python3.11/site-packages/chardet/langturkishmodel.py first seen with mtime 1678326123.812041
File /Users/nihu/anaconda3/lib/python3.11/site-packages/docutils/parsers/rst/languages/en.py first seen with mtime 1678316161.978497
File /Users/nihu/anaconda3/lib/python3.11/site-packages/django/core/exceptions.py first seen with mtime 1725603828.2761538
File /Users/nihu/anaconda3/lib/python3.11/site-packages/requests/sessions.py first seen with mtime 1690400310.161977
File /Users/nihu/anaconda3/lib/python3.11/site-packages/django/contrib/contenttypes/fields.py first seen with mtime 1725603826.8464808
File /Users/nihu/anaconda3/lib/python3.11/importlib/resources/readers.py first seen with mtime 1694439058.613739
File /Users/nihu/anaconda3/lib/python3.11/statistics.py first seen with mtime 1694439057.746009
File /Users/nihu/anaconda3/lib/python3.11/site-packages/django/core/management/commands/runserver.py first seen with mtime 1725603828.3174114
File /Users/nihu/anaconda3/lib/python3.11/site-packages/django/contrib/messages/utils.py first seen with mtime 1725603827.5747178
File /Users/nihu/anaconda3/lib/python3.11/asyncio/streams.py first seen with mtime 1694439057.862488
File /Users/nihu/anaconda3/lib/python3.11/site-packages/django/utils/crypto.py first seen with mtime 1725603828.5507393
File /Users/nihu/anaconda3/lib/python3.11/_sysconfigdata__darwin_darwin.py first seen with mtime 1706897836.7228482
File /Users/nihu/anaconda3/lib/python3.11/site-packages/django/utils/dates.py first seen with mtime 1725603828.5540745
File /Users/nihu/anaconda3/lib/python3.11/site-packages/colorama/winterm.py first seen with mtime 1678320245.489063
File /Users/nihu/anaconda3/lib/python3.11/site-packages/django/db/backends/ddl_references.py first seen with mtime 1725603828.3328953
File /Users/nihu/anaconda3/lib/python3.11/re/_compiler.py first seen with mtime 1694439058.867381
File /Users/nihu/anaconda3/lib/python3.11/site-packages/django/contrib/sessions/models.py first seen with mtime 1725603827.9696305
File /Users/nihu/anaconda3/lib/python3.11/site-packages/markdown/blockprocessors.py first seen with mtime 1678377889.69121
File /Users/nihu/anaconda3/lib/python3.11/asyncio/taskgroups.py first seen with mtime 1694439057.8665
File /Users/nihu/anaconda3/lib/python3.11/multiprocessing/reduction.py first seen with mtime 1694439058.831092
File /Users/nihu/anaconda3/lib/python3.11/asyncio/futures.py first seen with mtime 1694439057.840425
File /Users/nihu/anaconda3/lib/python3.11/asyncio/__init__.py first seen with mtime 1694439057.819296
File /Users/nihu/anaconda3/lib/python3.11/socketserver.py first seen with mtime 1694439057.735491
File /Users/nihu/anaconda3/lib/python3.11/site-packages/django/views/generic/__init__.py first seen with mtime 1725603828.5878563
File /Users/nihu/anaconda3/lib/python3.11/site-packages/brotli/__init__.py first seen with mtime 1471437879.0
File /Users/nihu/anaconda3/lib/python3.11/site-packages/colorama/ansi.py first seen with mtime 1678320245.488157
File /Users/nihu/Blockhouse_Assessment/backend/chart_visualizer/urls.py first seen with mtime 1725606238.5513074
File /Users/nihu/anaconda3/lib/python3.11/site-packages/django/conf/global_settings.py first seen with mtime 1725603825.9068856
File /Users/nihu/anaconda3/lib/python3.11/site-packages/django/views/decorators/debug.py first seen with mtime 1725603828.5859504
File /Users/nihu/anaconda3/lib/python3.11/site-packages/django/views/generic/dates.py first seen with mtime 1725603828.5892723
File /Users/nihu/anaconda3/lib/python3.11/importlib/resources/_legacy.py first seen with mtime 1694439058.609564
File /Users/nihu/anaconda3/lib/python3.11/lib-dynload/_socket.cpython-311-darwin.so first seen with mtime 1694439086.991145
File /Users/nihu/anaconda3/lib/python3.11/email/mime/nonmultipart.py first seen with mtime 1694439058.126405
File /Users/nihu/anaconda3/lib/python3.11/site-packages/markdown/inlinepatterns.py first seen with mtime 1678377889.69208
File /Users/nihu/anaconda3/lib/python3.11/multiprocessing/context.py first seen with mtime 1694439058.809636
File /Users/nihu/anaconda3/lib/python3.11/site-packages/django/db/backends/base/__init__.py first seen with mtime 1725603828.3340108
File /Users/nihu/anaconda3/lib/python3.11/site-packages/chardet/mbcsgroupprober.py first seen with mtime 1678326123.812701
File /Users/nihu/anaconda3/lib/python3.11/site-packages/pygments/filter.py first seen with mtime 1684280052.002841
File /Users/nihu/anaconda3/lib/python3.11/functools.py first seen with mtime 1694439057.613203
File /Users/nihu/anaconda3/lib/python3.11/site-packages/rest_framework/status.py first seen with mtime 1725603837.1157126
File /Users/nihu/anaconda3/lib/python3.11/site-packages/django/db/backends/postgresql/__init__.py first seen with mtime 1725603828.3575194
File /Users/nihu/anaconda3/lib/python3.11/types.py first seen with mtime 1694439057.789234
File /Users/nihu/anaconda3/lib/python3.11/site-packages/sqlparse/filters/output.py first seen with mtime 1725603825.3816617
File /Users/nihu/anaconda3/lib/python3.11/site-packages/django/forms/renderers.py first seen with mtime 1725603828.433448
File /Users/nihu/anaconda3/lib/python3.11/site-packages/chardet/gb2312freq.py first seen with mtime 1678326123.808064
File /Users/nihu/anaconda3/lib/python3.11/site-packages/django/conf/__init__.py first seen with mtime 1725603825.9060636
File /Users/nihu/anaconda3/lib/python3.11/site-packages/docutils/readers/doctree.py first seen with mtime 1678316161.983562
File /Users/nihu/anaconda3/lib/python3.11/site-packages/django/core/checks/security/sessions.py first seen with mtime 1725603828.2902718
File /Users/nihu/anaconda3/lib/python3.11/pprint.py first seen with mtime 1694439057.691306
File /Users/nihu/anaconda3/lib/python3.11/re/_constants.py first seen with mtime 1694439058.869348
File /Users/nihu/anaconda3/lib/python3.11/site-packages/django/views/decorators/__init__.py first seen with mtime 1725603828.5820763
File /Users/nihu/anaconda3/lib/python3.11/site-packages/idna/idnadata.py first seen with mtime 1678315836.733119
File /Users/nihu/anaconda3/lib/python3.11/site-packages/urllib3/connectionpool.py first seen with mtime 1686163276.263562
File /Users/nihu/anaconda3/lib/python3.11/site-packages/urllib3/util/ssltransport.py first seen with mtime 1686163276.272435
File /Users/nihu/anaconda3/lib/python3.11/site-packages/rest_framework/utils/mediatypes.py first seen with mtime 1725603837.2344475
File /Users/nihu/anaconda3/lib/python3.11/site-packages/idna/package_data.py first seen with mtime 1678315836.733566
File /Users/nihu/anaconda3/lib/python3.11/site-packages/colorama/ansitowin32.py first seen with mtime 1678320245.48841
File /Users/nihu/anaconda3/lib/python3.11/site-packages/yaml/nodes.py first seen with mtime 1678324474.567817
File /Users/nihu/anaconda3/lib/python3.11/site-packages/django/db/migrations/state.py first seen with mtime 1725603828.384317
File /Users/nihu/anaconda3/lib/python3.11/site-packages/django/template/library.py first seen with mtime 1725603828.5097258
File /Users/nihu/anaconda3/lib/python3.11/importlib/_abc.py first seen with mtime 1694439058.584371
File /Users/nihu/anaconda3/lib/python3.11/site-packages/charset_normalizer/assets/__init__.py first seen with mtime 1630003258.0
File /Users/nihu/anaconda3/lib/python3.11/site-packages/_distutils_hack/__init__.py first seen with mtime 1687189957.0
File /Users/nihu/anaconda3/lib/python3.11/lib-dynload/array.cpython-311-darwin.so first seen with mtime 1694439088.024771
File /Users/nihu/anaconda3/lib/python3.11/site-packages/chardet/chardistribution.py first seen with mtime 1678326123.80444
File /Users/nihu/anaconda3/lib/python3.11/keyword.py first seen with mtime 1694439057.643237
File /Users/nihu/Blockhouse_Assessment/backend/chart_api/apps.py first seen with mtime 1725604336.3535533
File /Users/nihu/anaconda3/lib/python3.11/site-packages/requests/exceptions.py first seen with mtime 1690400310.160079
File /Users/nihu/anaconda3/lib/python3.11/site-packages/markdown/postprocessors.py first seen with mtime 1678377889.692313
File /Users/nihu/anaconda3/lib/python3.11/lib-dynload/unicodedata.cpython-311-darwin.so first seen with mtime 1694439082.507891
File /Users/nihu/anaconda3/lib/python3.11/site-packages/django/core/files/uploadedfile.py first seen with mtime 1725603828.2937744
File /Users/nihu/anaconda3/lib/python3.11/wsgiref/simple_server.py first seen with mtime 1694439059.041695
File /Users/nihu/anaconda3/lib/python3.11/site-packages/django/contrib/auth/__init__.py first seen with mtime 1725603826.6950355
File /Users/nihu/anaconda3/lib/python3.11/lib-dynload/_hashlib.cpython-311-darwin.so first seen with mtime 1694439083.867863
File /Users/nihu/anaconda3/lib/python3.11/base64.py first seen with mtime 1694439057.552949
File /Users/nihu/anaconda3/lib/python3.11/site-packages/pygments/formatters/_mapping.py first seen with mtime 1684280052.00733
File /Users/nihu/anaconda3/lib/python3.11/site-packages/docutils/parsers/rst/directives/__init__.py first seen with mtime 1678316161.927117
File /Users/nihu/anaconda3/lib/python3.11/site-packages/django/db/backends/sqlite3/operations.py first seen with mtime 1725603828.3730593
File /Users/nihu/anaconda3/lib/python3.11/asyncio/unix_events.py first seen with mtime 1694439057.878651
File /Users/nihu/anaconda3/lib/python3.11/site-packages/django/template/loaders/app_directories.py first seen with mtime 1725603828.5186093
File /Users/nihu/anaconda3/lib/python3.11/site-packages/django/http/multipartparser.py first seen with mtime 1725603828.4925268
File /Users/nihu/anaconda3/lib/python3.11/site-packages/django/contrib/admin/actions.py first seen with mtime 1725603826.1284373
File /Users/nihu/anaconda3/lib/python3.11/asyncio/constants.py first seen with mtime 1694439057.831115
File /Users/nihu/anaconda3/lib/python3.11/asyncio/tasks.py first seen with mtime 1694439057.868601
File /Users/nihu/anaconda3/lib/python3.11/lzma.py first seen with mtime 1694439057.648534
File /Users/nihu/anaconda3/lib/python3.11/site-packages/chardet/universaldetector.py first seen with mtime 1678326123.813883
File /Users/nihu/anaconda3/lib/python3.11/site-packages/urllib3/packages/six.py first seen with mtime 1686163276.268863
File /Users/nihu/anaconda3/lib/python3.11/site-packages/requests/structures.py first seen with mtime 1690400310.162796
File /Users/nihu/anaconda3/lib/python3.11/inspect.py first seen with mtime 1694439057.637983
File /Users/nihu/anaconda3/lib/python3.11/site-packages/idna/__init__.py first seen with mtime 1678315836.731949
File /Users/nihu/anaconda3/lib/python3.11/site-packages/django/contrib/contenttypes/models.py first seen with mtime 1725603826.8471673
File /Users/nihu/anaconda3/lib/python3.11/site-packages/rest_framework/reverse.py first seen with mtime 1725603837.113545
File /Users/nihu/anaconda3/lib/python3.11/site-packages/charset_normalizer/models.py first seen with mtime 1630003258.0
File /Users/nihu/anaconda3/lib/python3.11/heapq.py first seen with mtime 1694439057.629132
File /Users/nihu/anaconda3/lib/python3.11/site-packages/markdown/treeprocessors.py first seen with mtime 1678377889.693274
File /Users/nihu/anaconda3/lib/python3.11/site-packages/django/db/models/deletion.py first seen with mtime 1725603828.3952267
File /Users/nihu/anaconda3/lib/python3.11/urllib/parse.py first seen with mtime 1694439059.003084
File /Users/nihu/anaconda3/lib/python3.11/configparser.py first seen with mtime 1694439057.579718
File /Users/nihu/anaconda3/lib/python3.11/site-packages/django/db/models/utils.py first seen with mtime 1725603828.4022682
File /Users/nihu/anaconda3/lib/python3.11/_osx_support.py first seen with mtime 1694439057.526324
File /Users/nihu/anaconda3/lib/python3.11/site-packages/django/contrib/auth/backends.py first seen with mtime 1725603826.6965668
File /Users/nihu/anaconda3/lib/python3.11/site-packages/django/core/management/color.py first seen with mtime 1725603828.3077931
File /Users/nihu/anaconda3/lib/python3.11/site-packages/django/contrib/messages/apps.py first seen with mtime 1725603827.5618794
File /Users/nihu/anaconda3/lib/python3.11/site-packages/rest_framework/utils/formatting.py first seen with mtime 1725603837.2332256
File /Users/nihu/anaconda3/lib/python3.11/site-packages/django/template/loaders/__init__.py first seen with mtime 1725603828.5179753
File /Users/nihu/anaconda3/lib/python3.11/site-packages/sqlparse/__init__.py first seen with mtime 1725603825.3751764
File /Users/nihu/anaconda3/lib/python3.11/lib-dynload/_datetime.cpython-311-darwin.so first seen with mtime 1694439082.167059
File /Users/nihu/Blockhouse_Assessment/backend/chart_api/models.py first seen with mtime 1725604335.2875965
File /Users/nihu/anaconda3/lib/python3.11/site-packages/urllib3/util/proxy.py first seen with mtime 1686163276.270423
File /Users/nihu/anaconda3/lib/python3.11/site-packages/django/contrib/admin/templatetags/base.py first seen with mtime 1725603826.5691845
File /Users/nihu/anaconda3/lib/python3.11/site-packages/django/middleware/__init__.py first seen with mtime 1725603828.4948895
File /Users/nihu/anaconda3/lib/python3.11/site-packages/django/contrib/auth/tokens.py first seen with mtime 1725603826.7030022
File /Users/nihu/anaconda3/lib/python3.11/site-packages/django/utils/connection.py first seen with mtime 1725603828.550007
File /Users/nihu/anaconda3/lib/python3.11/site-packages/django/utils/translation/__init__.py first seen with mtime 1725603828.5767016
File /Users/nihu/anaconda3/lib/python3.11/glob.py first seen with mtime 1694439057.622063
File /Users/nihu/anaconda3/lib/python3.11/email/headerregistry.py first seen with mtime 1694439058.094675
File /Users/nihu/anaconda3/lib/python3.11/site-packages/requests/packages.py first seen with mtime 1690400310.161454
File /Users/nihu/anaconda3/lib/python3.11/site-packages/django/db/models/sql/datastructures.py first seen with mtime 1725603828.4216952
File /Users/nihu/anaconda3/lib/python3.11/site-packages/urllib3/__init__.py first seen with mtime 1686163276.262239
File /Users/nihu/anaconda3/lib/python3.11/site-packages/rest_framework/negotiation.py first seen with mtime 1725603837.1078084
File /Users/nihu/anaconda3/lib/python3.11/site-packages/markdown/util.py first seen with mtime 1678377889.693577
File /Users/nihu/anaconda3/lib/python3.11/site-packages/chardet/escprober.py first seen with mtime 1678326123.80607
File /Users/nihu/anaconda3/lib/python3.11/site-packages/django/urls/exceptions.py first seen with mtime 1725603828.5416543
File /Users/nihu/anaconda3/lib/python3.11/site-packages/django/template/exceptions.py first seen with mtime 1725603828.5087838
File /Users/nihu/anaconda3/lib/python3.11/shutil.py first seen with mtime 1694439057.723152
File /Users/nihu/anaconda3/lib/python3.11/site-packages/django/contrib/postgres/utils.py first seen with mtime 1725603827.588435
File /Users/nihu/anaconda3/lib/python3.11/site-packages/inflection/__init__.py first seen with mtime 1598083983.0
File /Users/nihu/anaconda3/lib/python3.11/site-packages/idna/core.py first seen with mtime 1678315836.732609
File /Users/nihu/anaconda3/lib/python3.11/site-packages/django/core/__init__.py first seen with mtime 1725603828.2752292
File /Users/nihu/anaconda3/lib/python3.11/site-packages/rest_framework/settings.py first seen with mtime 1725603837.1151843
File /Users/nihu/anaconda3/lib/python3.11/fnmatch.py first seen with mtime 1694439057.607909
File /Users/nihu/anaconda3/lib/python3.11/site-packages/sqlparse/tokens.py first seen with mtime 1725603825.378252
File /Users/nihu/anaconda3/lib/python3.11/lib-dynload/_blake2.cpython-311-darwin.so first seen with mtime 1694439082.733052
File /Users/nihu/anaconda3/lib/python3.11/lib-dynload/_posixsubprocess.cpython-311-darwin.so first seen with mtime 1694439087.322462
File /Users/nihu/anaconda3/lib/python3.11/email/_encoded_words.py first seen with mtime 1694439058.068117
File /Users/nihu/anaconda3/lib/python3.11/site-packages/urllib3/util/timeout.py first seen with mtime 1686163276.27273
File /Users/nihu/anaconda3/lib/python3.11/http/__init__.py first seen with mtime 1694439058.394626
File /Users/nihu/anaconda3/lib/python3.11/site-packages/django/utils/text.py first seen with mtime 1725603828.572168
File /Users/nihu/anaconda3/lib/python3.11/lib-dynload/_asyncio.cpython-311-darwin.so first seen with mtime 1694439085.916831
File /Users/nihu/anaconda3/lib/python3.11/site-packages/django/db/backends/base/schema.py first seen with mtime 1725603828.339542
File /Users/nihu/anaconda3/lib/python3.11/site-packages/django/contrib/admin/__init__.py first seen with mtime 1725603826.1278615
File /Users/nihu/anaconda3/lib/python3.11/encodings/aliases.py first seen with mtime 1694439058.134947
File /Users/nihu/anaconda3/lib/python3.11/site-packages/chardet/hebrewprober.py first seen with mtime 1678326123.808723
File /Users/nihu/anaconda3/lib/python3.11/traceback.py first seen with mtime 1694439057.781679
File /Users/nihu/anaconda3/lib/python3.11/site-packages/docutils/transforms/universal.py first seen with mtime 1678316161.986109
File /Users/nihu/anaconda3/lib/python3.11/site-packages/rest_framework/__init__.py first seen with mtime 1725603837.098792
File /Users/nihu/anaconda3/lib/python3.11/selectors.py first seen with mtime 1694439057.717832
File /Users/nihu/anaconda3/lib/python3.11/site-packages/django/db/models/fields/related_descriptors.py first seen with mtime 1725603828.4109747
File /Users/nihu/anaconda3/lib/python3.11/encodings/idna.py first seen with mtime 1694439058.244126
File /Users/nihu/anaconda3/lib/python3.11/site-packages/django/templatetags/__init__.py first seen with mtime 1725603828.5216045
File /Users/nihu/anaconda3/lib/python3.11/bz2.py first seen with mtime 1694439057.558295
File /Users/nihu/anaconda3/lib/python3.11/site-packages/django/db/models/fields/__init__.py first seen with mtime 1725603828.403899
File /Users/nihu/anaconda3/lib/python3.11/argparse.py first seen with mtime 1694439057.545823
File /Users/nihu/anaconda3/lib/python3.11/site-packages/docutils/utils/error_reporting.py first seen with mtime 1678316161.987152
File /Users/nihu/anaconda3/lib/python3.11/asyncio/exceptions.py first seen with mtime 1694439057.83657
File /Users/nihu/anaconda3/lib/python3.11/site-packages/requests/certs.py first seen with mtime 1690400310.159066
File /Users/nihu/anaconda3/lib/python3.11/site-packages/django/core/checks/model_checks.py first seen with mtime 1725603828.2860262
File /Users/nihu/anaconda3/lib/python3.11/site-packages/django/urls/resolvers.py first seen with mtime 1725603828.5425131
File /Users/nihu/anaconda3/lib/python3.11/site-packages/django/db/backends/signals.py first seen with mtime 1725603828.3332896
File /Users/nihu/anaconda3/lib/python3.11/site-packages/django/core/files/storage/handler.py first seen with mtime 1725603828.2962582
File /Users/nihu/anaconda3/lib/python3.11/copy.py first seen with mtime 1694439057.584905
File /Users/nihu/anaconda3/lib/python3.11/site-packages/django/contrib/messages/storage/__init__.py first seen with mtime 1725603827.576209
File /Users/nihu/anaconda3/lib/python3.11/site-packages/django/views/decorators/common.py first seen with mtime 1725603828.5841467
File /Users/nihu/anaconda3/lib/python3.11/site-packages/chardet/euckrprober.py first seen with mtime 1678326123.807153
File /Users/nihu/anaconda3/lib/python3.11/site-packages/idna/intranges.py first seen with mtime 1678315836.733355
File /Users/nihu/anaconda3/lib/python3.11/site-packages/chardet/euctwfreq.py first seen with mtime 1678326123.807548
File /Users/nihu/anaconda3/lib/python3.11/email/mime/__init__.py first seen with mtime 1694439058.112848
File /Users/nihu/anaconda3/lib/python3.11/site-packages/markdown/htmlparser.py first seen with mtime 1678377889.691756
File /Users/nihu/anaconda3/lib/python3.11/multiprocessing/__init__.py first seen with mtime 1694439058.805719
File /Users/nihu/anaconda3/lib/python3.11/_markupbase.py first seen with mtime 1694439057.524609
File /Users/nihu/anaconda3/lib/python3.11/fractions.py first seen with mtime 1694439057.609632
File /Users/nihu/anaconda3/lib/python3.11/encodings/utf_8.py first seen with mtime 1694439058.359777
File /Users/nihu/anaconda3/lib/python3.11/asyncio/locks.py first seen with mtime 1694439057.842396
File /Users/nihu/anaconda3/lib/python3.11/site-packages/certifi/__init__.py first seen with mtime 1690232289.318815
File /Users/nihu/anaconda3/lib/python3.11/site-packages/django/core/serializers/__init__.py first seen with mtime 1725603828.3235583
File /Users/nihu/anaconda3/lib/python3.11/site-packages/django/http/cookie.py first seen with mtime 1725603828.4917946
File /Users/nihu/anaconda3/lib/python3.11/site-packages/django/utils/http.py first seen with mtime 1725603828.5640564
File /Users/nihu/anaconda3/lib/python3.11/site-packages/django/contrib/staticfiles/__init__.py first seen with mtime 1725603828.2677972
File /Users/nihu/anaconda3/lib/python3.11/site-packages/chardet/langthaimodel.py first seen with mtime 1678326123.811675
File /Users/nihu/anaconda3/lib/python3.11/site-packages/chardet/gb2312prober.py first seen with mtime 1678326123.808279
File /Users/nihu/anaconda3/lib/python3.11/site-packages/yaml/_yaml.cpython-311-darwin.so first seen with mtime 1678324477.281032
File /Users/nihu/anaconda3/lib/python3.11/site-packages/yaml/reader.py first seen with mtime 1678324474.568326
File /Users/nihu/anaconda3/lib/python3.11/site-packages/django/db/backends/sqlite3/client.py first seen with mtime 1725603828.3705375
File /Users/nihu/anaconda3/lib/python3.11/lib-dynload/_zoneinfo.cpython-311-darwin.so first seen with mtime 1694439087.433371
File /Users/nihu/anaconda3/lib/python3.11/site-packages/django/core/cache/__init__.py first seen with mtime 1725603828.279318
File /Users/nihu/anaconda3/lib/python3.11/collections/__init__.py first seen with mtime 1694439057.887291
File /Users/nihu/anaconda3/lib/python3.11/site-packages/django/utils/html.py first seen with mtime 1725603828.5631711
File /Users/nihu/anaconda3/lib/python3.11/site-packages/django/middleware/cache.py first seen with mtime 1725603828.495672
File /Users/nihu/anaconda3/lib/python3.11/numbers.py first seen with mtime 1694439057.664593
File /Users/nihu/anaconda3/lib/python3.11/site-packages/markdown/serializers.py first seen with mtime 1678377889.692764
File /Users/nihu/anaconda3/lib/python3.11/lib-dynload/_lzma.cpython-311-darwin.so first seen with mtime 1694439089.410404
File /Users/nihu/anaconda3/lib/python3.11/html/parser.py first seen with mtime 1694439058.39033
File /Users/nihu/anaconda3/lib/python3.11/site-packages/django/contrib/contenttypes/forms.py first seen with mtime 1725603826.8468416
File /Users/nihu/anaconda3/lib/python3.11/site-packages/rest_framework/compat.py first seen with mtime 1725603837.1014366
File /Users/nihu/anaconda3/lib/python3.11/site-packages/sqlparse/lexer.py first seen with mtime 1725603825.3773744
File /Users/nihu/anaconda3/lib/python3.11/site-packages/docutils/nodes.py first seen with mtime 1678316161.917978
File /Users/nihu/anaconda3/lib/python3.11/asyncio/base_events.py first seen with mtime 1694439057.823504
File /Users/nihu/anaconda3/lib/python3.11/site-packages/rest_framework/utils/__init__.py first seen with mtime 1725603837.2319002
File /Users/nihu/anaconda3/lib/python3.11/re/_parser.py first seen with mtime 1694439058.871374
File /Users/nihu/anaconda3/lib/python3.11/multiprocessing/process.py first seen with mtime 1694439058.827239
File /Users/nihu/anaconda3/lib/python3.11/site-packages/django/contrib/messages/constants.py first seen with mtime 1725603827.562391
File /Users/nihu/anaconda3/lib/python3.11/site-packages/django/core/mail/message.py first seen with mtime 1725603828.3013818
File /Users/nihu/anaconda3/lib/python3.11/html/entities.py first seen with mtime 1694439058.388468
File /Users/nihu/anaconda3/lib/python3.11/site-packages/rest_framework/utils/urls.py first seen with mtime 1725603837.235964
File /Users/nihu/anaconda3/lib/python3.11/site-packages/pytz/tzfile.py first seen with mtime 1695131634.7172
File /Users/nihu/anaconda3/lib/python3.11/lib-dynload/termios.cpython-311-darwin.so first seen with mtime 1694439083.176033
File /Users/nihu/anaconda3/lib/python3.11/site-packages/django/contrib/contenttypes/admin.py first seen with mtime 1725603826.845333
File /Users/nihu/anaconda3/lib/python3.11/site-packages/docutils/writers/__init__.py first seen with mtime 1678316161.990603
File /Users/nihu/anaconda3/lib/python3.11/site-packages/requests/models.py first seen with mtime 1690400310.161147
File /Users/nihu/anaconda3/lib/python3.11/site-packages/django/db/models/fields/generated.py first seen with mtime 1725603828.4055743
File /Users/nihu/anaconda3/lib/python3.11/site-packages/django/utils/log.py first seen with mtime 1725603828.567856
File /Users/nihu/anaconda3/lib/python3.11/random.py first seen with mtime 1694439057.707104
File /Users/nihu/anaconda3/lib/python3.11/email/mime/multipart.py first seen with mtime 1694439058.124601
File /Users/nihu/anaconda3/lib/python3.11/asyncio/log.py first seen with mtime 1694439057.844468
File /Users/nihu/Blockhouse_Assessment/backend/chart_api/admin.py first seen with mtime 1725604335.2836425
File /Users/nihu/anaconda3/lib/python3.11/site-packages/docutils/parsers/rst/__init__.py first seen with mtime 1678316161.925534
File /Users/nihu/anaconda3/lib/python3.11/site-packages/django/db/models/functions/comparison.py first seen with mtime 1725603828.4141278
File /Users/nihu/anaconda3/lib/python3.11/site-packages/certifi/core.py first seen with mtime 1690232289.320817
File /Users/nihu/anaconda3/lib/python3.11/site-packages/chardet/langgreekmodel.py first seen with mtime 1678326123.810081
File /Users/nihu/anaconda3/lib/python3.11/site-packages/charset_normalizer/utils.py first seen with mtime 1630003258.0
File /Users/nihu/anaconda3/lib/python3.11/site-packages/django/utils/formats.py first seen with mtime 1725603828.559524
File /Users/nihu/anaconda3/lib/python3.11/site-packages/markdown/__meta__.py first seen with mtime 1678377889.690676
File /Users/nihu/anaconda3/lib/python3.11/site-packages/django/core/checks/security/__init__.py first seen with mtime 1725603828.2887385
File /Users/nihu/anaconda3/lib/python3.11/site-packages/asgiref/__init__.py first seen with mtime 1725603825.6593795
File /Users/nihu/anaconda3/lib/python3.11/lib-dynload/_elementtree.cpython-311-darwin.so first seen with mtime 1694439088.607388
File /Users/nihu/anaconda3/lib/python3.11/asyncio/timeouts.py first seen with mtime 1694439057.872606
File /Users/nihu/anaconda3/lib/python3.11/site-packages/django/db/backends/sqlite3/__init__.py first seen with mtime 1725603828.3676767
File /Users/nihu/anaconda3/lib/python3.11/site-packages/django/db/models/enums.py first seen with mtime 1725603828.3957007
File /Users/nihu/anaconda3/lib/python3.11/email/generator.py first seen with mtime 1694439058.090405
File /Users/nihu/anaconda3/lib/python3.11/site-packages/chardet/enums.py first seen with mtime 1678326123.805855
File /Users/nihu/anaconda3/lib/python3.11/site-packages/colorama/win32.py first seen with mtime 1678320245.488841
File /Users/nihu/anaconda3/lib/python3.11/re/_casefix.py first seen with mtime 1694439058.865435
File /Users/nihu/anaconda3/lib/python3.11/site-packages/rest_framework/schemas/generators.py first seen with mtime 1725603837.1702354
File /Users/nihu/anaconda3/lib/python3.11/site-packages/django/template/backends/__init__.py first seen with mtime 1725603828.514012
File /Users/nihu/anaconda3/lib/python3.11/site-packages/zope/__init__.py first seen with mtime 1678325431.72088
File /Users/nihu/anaconda3/lib/python3.11/site-packages/django/contrib/auth/checks.py first seen with mtime 1725603826.6974056
File /Users/nihu/anaconda3/lib/python3.11/site-packages/django/templatetags/cache.py first seen with mtime 1725603828.522233
File /Users/nihu/anaconda3/lib/python3.11/site-packages/yaml/loader.py first seen with mtime 1678324474.567622
File /Users/nihu/anaconda3/lib/python3.11/site-packages/django/contrib/admin/templatetags/admin_modify.py first seen with mtime 1725603826.5680494
File /Users/nihu/anaconda3/lib/python3.11/site-packages/django/forms/boundfield.py first seen with mtime 1725603828.429445
File /Users/nihu/anaconda3/lib/python3.11/site-packages/django/template/response.py first seen with mtime 1725603828.5120568
File /Users/nihu/anaconda3/lib/python3.11/site-packages/chardet/sbcsgroupprober.py first seen with mtime 1678326123.813388
File /Users/nihu/anaconda3/lib/python3.11/site-packages/urllib3/exceptions.py first seen with mtime 1686163276.263859
File /Users/nihu/anaconda3/lib/python3.11/site-packages/django/core/management/base.py first seen with mtime 1725603828.307234
File /Users/nihu/anaconda3/lib/python3.11/site-packages/urllib3/_collections.py first seen with mtime 1686163276.262603
File /Users/nihu/anaconda3/lib/python3.11/email/_parseaddr.py first seen with mtime 1694439058.071897
File /Users/nihu/anaconda3/lib/python3.11/site-packages/django/views/generic/list.py first seen with mtime 1725603828.5907974
File /Users/nihu/anaconda3/lib/python3.11/site-packages/django/contrib/admin/templatetags/admin_list.py first seen with mtime 1725603826.5676656
File /Users/nihu/anaconda3/lib/python3.11/site-packages/chardet/mbcssm.py first seen with mtime 1678326123.812947
File /Users/nihu/anaconda3/lib/python3.11/site-packages/django/db/models/functions/datetime.py first seen with mtime 1725603828.4146767
File /Users/nihu/anaconda3/lib/python3.11/site-packages/pygments/regexopt.py first seen with mtime 1684280052.004523
File /Users/nihu/anaconda3/lib/python3.11/site-packages/django/core/handlers/wsgi.py first seen with mtime 1725603828.2999158
File /Users/nihu/anaconda3/lib/python3.11/site-packages/django/utils/_os.py first seen with mtime 1725603828.545896
File /Users/nihu/anaconda3/lib/python3.11/concurrent/futures/thread.py first seen with mtime 1694439057.904785
File /Users/nihu/anaconda3/lib/python3.11/lib-dynload/_typing.cpython-311-darwin.so first seen with mtime 1694439082.840113
File /Users/nihu/anaconda3/lib/python3.11/site-packages/django/apps/registry.py first seen with mtime 1725603825.905377
File /Users/nihu/anaconda3/lib/python3.11/site-packages/django/core/checks/messages.py first seen with mtime 1725603828.285536
File /Users/nihu/anaconda3/lib/python3.11/site-packages/sqlparse/utils.py first seen with mtime 1725603825.3785713
File /Users/nihu/anaconda3/lib/python3.11/site-packages/django/db/models/fields/reverse_related.py first seen with mtime 1725603828.4125814
File /Users/nihu/anaconda3/lib/python3.11/site-packages/yaml/events.py first seen with mtime 1678324474.56742
File /Users/nihu/anaconda3/lib/python3.11/site-packages/django/db/migrations/utils.py first seen with mtime 1725603828.3848388
File /Users/nihu/anaconda3/lib/python3.11/site-packages/django/core/checks/translation.py first seen with mtime 1725603828.2871344
File /Users/nihu/anaconda3/lib/python3.11/site-packages/requests/adapters.py first seen with mtime 1690400310.158039
File /Users/nihu/anaconda3/lib/python3.11/http/cookiejar.py first seen with mtime 1694439058.398524
File /Users/nihu/anaconda3/lib/python3.11/site-packages/django/urls/base.py first seen with mtime 1725603828.5394287
File /Users/nihu/anaconda3/lib/python3.11/site-packages/django/core/files/locks.py first seen with mtime 1725603828.2917612
File /Users/nihu/anaconda3/lib/python3.11/site-packages/django/db/models/manager.py first seen with mtime 1725603828.3979979
File /Users/nihu/anaconda3/lib/python3.11/site-packages/django/template/base.py first seen with mtime 1725603828.5036304
File /Users/nihu/anaconda3/lib/python3.11/site-packages/django/utils/dateparse.py first seen with mtime 1725603828.5532508
File /Users/nihu/anaconda3/lib/python3.11/ssl.py first seen with mtime 1694439057.74248
File /Users/nihu/anaconda3/lib/python3.11/site-packages/django/contrib/admin/templatetags/log.py first seen with mtime 1725603826.5695782
File /Users/nihu/anaconda3/lib/python3.11/site-packages/django/core/checks/security/csrf.py first seen with mtime 1725603828.2897823
File /Users/nihu/anaconda3/lib/python3.11/site-packages/django/core/files/storage/base.py first seen with mtime 1725603828.295538
File /Users/nihu/anaconda3/lib/python3.11/site-packages/django/core/cache/backends/__init__.py first seen with mtime 1725603828.280023
File /Users/nihu/anaconda3/lib/python3.11/lib-dynload/_multibytecodec.cpython-311-darwin.so first seen with mtime 1694439089.296747
File /Users/nihu/anaconda3/lib/python3.11/site-packages/django/db/models/indexes.py first seen with mtime 1725603828.3969328
File /Users/nihu/anaconda3/lib/python3.11/concurrent/futures/_base.py first seen with mtime 1694439057.900764
File /Users/nihu/anaconda3/lib/python3.11/site-packages/django/forms/fields.py first seen with mtime 1725603828.4303517
File /Users/nihu/anaconda3/lib/python3.11/lib-dynload/select.cpython-311-darwin.so first seen with mtime 1694439090.129106
File /Users/nihu/anaconda3/lib/python3.11/site-packages/django/db/models/constants.py first seen with mtime 1725603828.393828
File /Users/nihu/anaconda3/lib/python3.11/opcode.py first seen with mtime 1694439057.66643
File /Users/nihu/anaconda3/lib/python3.11/lib-dynload/_contextvars.cpython-311-darwin.so first seen with mtime 1694439089.525296
File /Users/nihu/anaconda3/lib/python3.11/site-packages/django/contrib/admin/exceptions.py first seen with mtime 1725603826.1301866
File /Users/nihu/anaconda3/lib/python3.11/site-packages/django/contrib/admin/views/decorators.py first seen with mtime 1725603826.5707216
File /Users/nihu/anaconda3/lib/python3.11/site-packages/django/contrib/postgres/validators.py first seen with mtime 1725603827.589054
File /Users/nihu/anaconda3/lib/python3.11/site-packages/requests/status_codes.py first seen with mtime 1690400310.162477
File /Users/nihu/anaconda3/lib/python3.11/site-packages/django/core/files/temp.py first seen with mtime 1725603828.2931185
File /Users/nihu/anaconda3/lib/python3.11/lib-dynload/_random.cpython-311-darwin.so first seen with mtime 1694439082.278232
File /Users/nihu/anaconda3/lib/python3.11/linecache.py first seen with mtime 1694439057.64505
File /Users/nihu/anaconda3/lib/python3.11/site-packages/urllib3/poolmanager.py first seen with mtime 1686163276.264853
File /Users/nihu/anaconda3/lib/python3.11/site-packages/rest_framework/exceptions.py first seen with mtime 1725603837.103332
File /Users/nihu/Blockhouse_Assessment/backend/manage.py first seen with mtime 1725604094.5742288
File /Users/nihu/anaconda3/lib/python3.11/asyncio/mixins.py first seen with mtime 1694439057.846554
File /Users/nihu/anaconda3/lib/python3.11/site-packages/charset_normalizer/cd.py first seen with mtime 1630003258.0
File /Users/nihu/anaconda3/lib/python3.11/ctypes/_endian.py first seen with mtime 1694439057.913767
File /Users/nihu/anaconda3/lib/python3.11/operator.py first seen with mtime 1694439057.66822
File /Users/nihu/anaconda3/lib/python3.11/site-packages/urllib3/util/queue.py first seen with mtime 1686163276.270664
File /Users/nihu/anaconda3/lib/python3.11/site-packages/django/utils/duration.py first seen with mtime 1725603828.5563385
File /Users/nihu/anaconda3/lib/python3.11/site-packages/django/utils/hashable.py first seen with mtime 1725603828.5621698
File /Users/nihu/anaconda3/lib/python3.11/xml/etree/__init__.py first seen with mtime 1694439059.080288
File /Users/nihu/anaconda3/lib/python3.11/wsgiref/handlers.py first seen with mtime 1694439059.03793
File /Users/nihu/anaconda3/lib/python3.11/lib-dynload/_pickle.cpython-311-darwin.so first seen with mtime 1694439084.708298
File /Users/nihu/anaconda3/lib/python3.11/site-packages/urllib3/filepost.py first seen with mtime 1686163276.264538
File /Users/nihu/anaconda3/lib/python3.11/site-packages/markdown/preprocessors.py first seen with mtime 1678377889.692533
File /Users/nihu/anaconda3/lib/python3.11/site-packages/django/contrib/admin/filters.py first seen with mtime 1725603826.1306224
File /Users/nihu/anaconda3/lib/python3.11/site-packages/django/contrib/contenttypes/management/__init__.py first seen with mtime 1725603826.9687471
File /Users/nihu/anaconda3/lib/python3.11/site-packages/django/contrib/contenttypes/apps.py first seen with mtime 1725603826.84571
File /Users/nihu/anaconda3/lib/python3.11/site-packages/pytz/lazy.py first seen with mtime 1695131634.71665
File /Users/nihu/anaconda3/lib/python3.11/site-packages/django/contrib/auth/middleware.py first seen with mtime 1725603826.7000287
File /Users/nihu/anaconda3/lib/python3.11/site-packages/django/views/generic/base.py first seen with mtime 1725603828.588526
File /Users/nihu/anaconda3/lib/python3.11/site-packages/brotli/_brotli.abi3.so first seen with mtime 1678315784.776658
File /Users/nihu/anaconda3/lib/python3.11/dataclasses.py first seen with mtime 1694439057.591959
File /Users/nihu/anaconda3/lib/python3.11/site-packages/django/utils/regex_helper.py first seen with mtime 1725603828.5707211
File /Users/nihu/anaconda3/lib/python3.11/json/encoder.py first seen with mtime 1694439058.639599
File /Users/nihu/anaconda3/lib/python3.11/site-packages/django/db/backends/base/base.py first seen with mtime 1725603828.33454
File /Users/nihu/anaconda3/lib/python3.11/site-packages/django/contrib/admin/checks.py first seen with mtime 1725603826.12934
File /Users/nihu/anaconda3/lib/python3.11/site-packages/urllib3/fields.py first seen with mtime 1686163276.264261
File /Users/nihu/anaconda3/lib/python3.11/site-packages/django/db/models/signals.py first seen with mtime 1725603828.4013288
File /Users/nihu/anaconda3/lib/python3.11/copyreg.py first seen with mtime 1694439057.586702
File /Users/nihu/anaconda3/lib/python3.11/site-packages/django/core/checks/async_checks.py first seen with mtime 1725603828.2836428
File /Users/nihu/anaconda3/lib/python3.11/site-packages/django/views/generic/edit.py first seen with mtime 1725603828.5902734
File /Users/nihu/anaconda3/lib/python3.11/site-packages/docutils/utils/smartquotes.py first seen with mtime 1678316161.987952
File /Users/nihu/anaconda3/lib/python3.11/site-packages/pygments/filters/__init__.py first seen with mtime 1684280052.006756
File /Users/nihu/anaconda3/lib/python3.11/site-packages/rest_framework/checks.py first seen with mtime 1725603837.1005383
File /Users/nihu/anaconda3/lib/python3.11/site-packages/django/utils/translation/reloader.py first seen with mtime 1725603828.5771592
File /Users/nihu/anaconda3/lib/python3.11/site-packages/docutils/io.py first seen with mtime 1678316161.917465
File /Users/nihu/anaconda3/lib/python3.11/site-packages/django/http/request.py first seen with mtime 1725603828.4934576
File /Users/nihu/anaconda3/lib/python3.11/site-packages/django/contrib/sessions/backends/__init__.py first seen with mtime 1725603827.9703429
File /Users/nihu/anaconda3/lib/python3.11/site-packages/django/db/backends/__init__.py first seen with mtime 1725603828.3323634
File /Users/nihu/anaconda3/lib/python3.11/site-packages/django/contrib/admin/helpers.py first seen with mtime 1725603826.131477
File /Users/nihu/anaconda3/lib/python3.11/zoneinfo/__init__.py first seen with mtime 1694439059.117158
File /Users/nihu/anaconda3/lib/python3.11/site-packages/django/forms/__init__.py first seen with mtime 1725603828.428852
File /Users/nihu/anaconda3/lib/python3.11/site-packages/chardet/escsm.py first seen with mtime 1678326123.806288
File /Users/nihu/anaconda3/lib/python3.11/xml/__init__.py first seen with mtime 1694439059.051878
File /Users/nihu/anaconda3/lib/python3.11/site-packages/chardet/langrussianmodel.py first seen with mtime 1678326123.811266
File /Users/nihu/anaconda3/lib/python3.11/sysconfig.py first seen with mtime 1694439057.758342
File /Users/nihu/anaconda3/lib/python3.11/site-packages/django/templatetags/i18n.py first seen with mtime 1725603828.522909
File /Users/nihu/anaconda3/lib/python3.11/_weakrefset.py first seen with mtime 1694439057.538748
File /Users/nihu/anaconda3/lib/python3.11/email/contentmanager.py first seen with mtime 1694439058.081897
File /Users/nihu/anaconda3/lib/python3.11/site-packages/rest_framework/utils/encoders.py first seen with mtime 1725603837.2325494
File /Users/nihu/anaconda3/lib/python3.11/site-packages/django/db/backends/sqlite3/schema.py first seen with mtime 1725603828.3735647
File /Users/nihu/anaconda3/lib/python3.11/asyncio/coroutines.py first seen with mtime 1694439057.83291
File /Users/nihu/anaconda3/lib/python3.11/site-packages/pygments/formatters/html.py first seen with mtime 1684280052.0082
File /Users/nihu/anaconda3/lib/python3.11/socket.py first seen with mtime 1694439057.733795
File /Users/nihu/anaconda3/lib/python3.11/site-packages/urllib3/request.py first seen with mtime 1686163276.265125
File /Users/nihu/anaconda3/lib/python3.11/site-packages/django/contrib/admindocs/utils.py first seen with mtime 1725603826.5728981
File /Users/nihu/anaconda3/lib/python3.11/site-packages/django/core/files/images.py first seen with mtime 1725603828.29141
File /Users/nihu/anaconda3/lib/python3.11/site-packages/django/contrib/staticfiles/utils.py first seen with mtime 1725603828.2713816
File /Users/nihu/anaconda3/lib/python3.11/site-packages/django/views/decorators/csrf.py first seen with mtime 1725603828.585515
File /Users/nihu/anaconda3/lib/python3.11/site-packages/rest_framework/schemas/utils.py first seen with mtime 1725603837.172103
File /Users/nihu/anaconda3/lib/python3.11/site-packages/sqlparse/filters/right_margin.py first seen with mtime 1725603825.3828433
File /Users/nihu/anaconda3/lib/python3.11/site-packages/django/contrib/auth/models.py first seen with mtime 1725603826.701101
File /Users/nihu/anaconda3/lib/python3.11/signal.py first seen with mtime 1694439057.724954
File /Users/nihu/anaconda3/lib/python3.11/pathlib.py first seen with mtime 1694439057.673554
File /Users/nihu/anaconda3/lib/python3.11/textwrap.py first seen with mtime 1694439057.767827
File /Users/nihu/anaconda3/lib/python3.11/http/server.py first seen with mtime 1694439058.402311
File /Users/nihu/anaconda3/lib/python3.11/site-packages/django/contrib/postgres/search.py first seen with mtime 1725603827.5869374
File /Users/nihu/anaconda3/lib/python3.11/site-packages/requests/utils.py first seen with mtime 1690400310.163254
File /Users/nihu/anaconda3/lib/python3.11/site-packages/django/utils/decorators.py first seen with mtime 1725603828.555197
File /Users/nihu/anaconda3/lib/python3.11/site-packages/django/db/models/fields/related_lookups.py first seen with mtime 1725603828.4118588
File /Users/nihu/anaconda3/lib/python3.11/site-packages/django/http/__init__.py first seen with mtime 1725603828.4910557
File /Users/nihu/anaconda3/lib/python3.11/email/policy.py first seen with mtime 1694439058.103439
File /Users/nihu/anaconda3/lib/python3.11/lib-dynload/_bisect.cpython-311-darwin.so first seen with mtime 1694439087.913096
File /Users/nihu/anaconda3/lib/python3.11/site-packages/django/contrib/staticfiles/checks.py first seen with mtime 1725603828.2687345
File /Users/nihu/anaconda3/lib/python3.11/site-packages/pygments/lexer.py first seen with mtime 1684280052.003616
File /Users/nihu/anaconda3/lib/python3.11/site-packages/docutils/utils/code_analyzer.py first seen with mtime 1678316161.986908
File /Users/nihu/anaconda3/lib/python3.11/site-packages/rest_framework/fields.py first seen with mtime 1725603837.1044452
File /Users/nihu/anaconda3/lib/python3.11/site-packages/rest_framework/utils/representation.py first seen with mtime 1725603837.2350712
File /Users/nihu/anaconda3/lib/python3.11/site-packages/urllib3/util/ssl_match_hostname.py first seen with mtime 1686163276.272062
File /Users/nihu/anaconda3/lib/python3.11/site-packages/django/core/mail/__init__.py first seen with mtime 1725603828.3007052
File /Users/nihu/anaconda3/lib/python3.11/site-packages/sqlparse/engine/grouping.py first seen with mtime 1725603825.3795629
File /Users/nihu/anaconda3/lib/python3.11/site-packages/django/contrib/admindocs/views.py first seen with mtime 1725603826.5733147
File /Users/nihu/anaconda3/lib/python3.11/site-packages/django/views/static.py first seen with mtime 1725603828.5817075
File /Users/nihu/anaconda3/lib/python3.11/site-packages/requests/__version__.py first seen with mtime 1690400310.157344
File /Users/nihu/anaconda3/lib/python3.11/site-packages/django/contrib/staticfiles/views.py first seen with mtime 1725603828.2717204
File /Users/nihu/anaconda3/lib/python3.11/site-packages/django/utils/translation/trans_real.py first seen with mtime 1725603828.578935
File /Users/nihu/anaconda3/lib/python3.11/site-packages/docutils/languages/__init__.py first seen with mtime 1678316161.918714
File /Users/nihu/anaconda3/lib/python3.11/site-packages/django/__init__.py first seen with mtime 1725603825.9022868
File /Users/nihu/anaconda3/lib/python3.11/site-packages/pygments/lexers/__init__.py first seen with mtime 1684280052.011055
File /Users/nihu/anaconda3/lib/python3.11/wsgiref/__init__.py first seen with mtime 1694439059.035958
File /Users/nihu/anaconda3/lib/python3.11/site-packages/chardet/sbcharsetprober.py first seen with mtime 1678326123.813178
File /Users/nihu/anaconda3/lib/python3.11/site-packages/django/contrib/staticfiles/finders.py first seen with mtime 1725603828.2693634
File /Users/nihu/anaconda3/lib/python3.11/site-packages/chardet/euctwprober.py first seen with mtime 1678326123.80777
File /Users/nihu/anaconda3/lib/python3.11/site-packages/requests/api.py first seen with mtime 1690400310.158382
File /Users/nihu/anaconda3/lib/python3.11/mimetypes.py first seen with mtime 1694439057.653778
File /Users/nihu/anaconda3/lib/python3.11/site-packages/django/urls/conf.py first seen with mtime 1725603828.5401309
File /Users/nihu/anaconda3/lib/python3.11/site-packages/rest_framework/permissions.py first seen with mtime 1725603837.109936
File /Users/nihu/anaconda3/lib/python3.11/site-packages/chardet/eucjpprober.py first seen with mtime 1678326123.806503
File /Users/nihu/anaconda3/lib/python3.11/site-packages/django/core/files/__init__.py first seen with mtime 1725603828.290706
File /Users/nihu/anaconda3/lib/python3.11/asyncio/queues.py first seen with mtime 1694439057.852218
File /Users/nihu/anaconda3/lib/python3.11/site-packages/urllib3/util/wait.py first seen with mtime 1686163276.27331
File /Users/nihu/anaconda3/lib/python3.11/site-packages/django/core/files/uploadhandler.py first seen with mtime 1725603828.294375
File /Users/nihu/anaconda3/lib/python3.11/site-packages/urllib3/response.py first seen with mtime 1686163276.26548
File /Users/nihu/anaconda3/lib/python3.11/email/__init__.py first seen with mtime 1694439058.066048
File /Users/nihu/anaconda3/lib/python3.11/site-packages/rest_framework/utils/html.py first seen with mtime 1725603837.2335367
File /Users/nihu/anaconda3/lib/python3.11/site-packages/chardet/euckrfreq.py first seen with mtime 1678326123.806761
File /Users/nihu/anaconda3/lib/python3.11/site-packages/django/template/loaders/base.py first seen with mtime 1725603828.5191824
File /Users/nihu/anaconda3/lib/python3.11/wsgiref/headers.py first seen with mtime 1694439059.039705
File /Users/nihu/anaconda3/lib/python3.11/site-packages/django/core/files/move.py first seen with mtime 1725603828.2921126
File /Users/nihu/anaconda3/lib/python3.11/site-packages/django/contrib/__init__.py first seen with mtime 1725603826.1273894
File /Users/nihu/anaconda3/lib/python3.11/contextlib.py first seen with mtime 1694439057.58142
File /Users/nihu/anaconda3/lib/python3.11/site-packages/rest_framework/request.py first seen with mtime 1725603837.1124282
File /Users/nihu/anaconda3/lib/python3.11/site-packages/docutils/parsers/__init__.py first seen with mtime 1678316161.924806
File /Users/nihu/anaconda3/lib/python3.11/site-packages/django/contrib/admin/sites.py first seen with mtime 1725603826.1331635
File /Users/nihu/anaconda3/lib/python3.11/quopri.py first seen with mtime 1694439057.705349
File /Users/nihu/anaconda3/lib/python3.11/site-packages/urllib3/util/__init__.py first seen with mtime 1686163276.269923
File /Users/nihu/anaconda3/lib/python3.11/lib-dynload/_json.cpython-311-darwin.so first seen with mtime 1694439082.952075
File /Users/nihu/anaconda3/lib/python3.11/site-packages/django/forms/formsets.py first seen with mtime 1725603828.4319336
File /Users/nihu/anaconda3/lib/python3.11/site-packages/django/contrib/admin/views/main.py first seen with mtime 1725603826.5711665
File /Users/nihu/anaconda3/lib/python3.11/site-packages/django/template/context.py first seen with mtime 1725603828.5044587
File /Users/nihu/anaconda3/lib/python3.11/site-packages/socks.py first seen with mtime 1678315885.752831
File /Users/nihu/anaconda3/lib/python3.11/site-packages/yaml/constructor.py first seen with mtime 1678324474.566239
File /Users/nihu/anaconda3/lib/python3.11/site-packages/django/db/models/sql/query.py first seen with mtime 1725603828.4234128
File /Users/nihu/anaconda3/lib/python3.11/site-packages/chardet/latin1prober.py first seen with mtime 1678326123.812287
File /Users/nihu/anaconda3/lib/python3.11/site-packages/docutils/statemachine.py first seen with mtime 1678316161.918433
File /Users/nihu/anaconda3/lib/python3.11/site-packages/sqlparse/sql.py first seen with mtime 1725603825.3778832
File /Users/nihu/anaconda3/lib/python3.11/site-packages/django/middleware/csrf.py first seen with mtime 1725603828.4980729
File /Users/nihu/anaconda3/lib/python3.11/calendar.py first seen with mtime 1694439057.561858
File /Users/nihu/anaconda3/lib/python3.11/site-packages/django/db/models/query.py first seen with mtime 1725603828.399839
File /Users/nihu/anaconda3/lib/python3.11/site-packages/django/urls/utils.py first seen with mtime 1725603828.5446467
File /Users/nihu/anaconda3/lib/python3.11/site-packages/django/template/utils.py first seen with mtime 1725603828.5132463
File /Users/nihu/anaconda3/lib/python3.11/optparse.py first seen with mtime 1694439057.670008
File /Users/nihu/anaconda3/lib/python3.11/site-packages/django/contrib/messages/__init__.py first seen with mtime 1725603827.5601723
File /Users/nihu/anaconda3/lib/python3.11/site-packages/django/utils/timesince.py first seen with mtime 1725603828.5739853
File /Users/nihu/anaconda3/lib/python3.11/site-packages/django/db/models/aggregates.py first seen with mtime 1725603828.3920798
File /Users/nihu/anaconda3/lib/python3.11/lib-dynload/_bz2.cpython-311-darwin.so first seen with mtime 1694439089.066051
File /Users/nihu/anaconda3/lib/python3.11/site-packages/urllib3/packages/__init__.py first seen with mtime 1686163276.268495
File /Users/nihu/anaconda3/lib/python3.11/site-packages/django/core/checks/registry.py first seen with mtime 1725603828.2863657
File /Users/nihu/anaconda3/lib/python3.11/site-packages/rest_framework/response.py first seen with mtime 1725603837.1130824
File /Users/nihu/anaconda3/lib/python3.11/site-packages/rest_framework/mixins.py first seen with mtime 1725603837.1072164
File /Users/nihu/anaconda3/lib/python3.11/site-packages/markdown/extensions/__init__.py first seen with mtime 1678377889.693845
File /Users/nihu/anaconda3/lib/python3.11/site-packages/django/apps/config.py first seen with mtime 1725603825.904731
File /Users/nihu/anaconda3/lib/python3.11/urllib/error.py first seen with mtime 1694439059.00128
File /Users/nihu/anaconda3/lib/python3.11/importlib/resources/__init__.py first seen with mtime 1694439058.601849
File /Users/nihu/anaconda3/lib/python3.11/site-packages/django/db/models/fields/mixins.py first seen with mtime 1725603828.4070492
File /Users/nihu/anaconda3/lib/python3.11/site-packages/django/contrib/admin/models.py first seen with mtime 1725603826.1318586
File /Users/nihu/anaconda3/lib/python3.11/site-packages/rest_framework/metadata.py first seen with mtime 1725603837.106642
File /Users/nihu/anaconda3/lib/python3.11/re/__init__.py first seen with mtime 1694439058.863458
File /Users/nihu/anaconda3/lib/python3.11/asyncio/trsock.py first seen with mtime 1694439057.876697
File /Users/nihu/anaconda3/lib/python3.11/site-packages/django/contrib/staticfiles/apps.py first seen with mtime 1725603828.2681901
File /Users/nihu/anaconda3/lib/python3.11/site-packages/chardet/langhebrewmodel.py first seen with mtime 1678326123.810466
File /Users/nihu/anaconda3/lib/python3.11/site-packages/django/core/checks/compatibility/__init__.py first seen with mtime 1725603828.2877727
File /Users/nihu/anaconda3/lib/python3.11/site-packages/django/core/handlers/base.py first seen with mtime 1725603828.298857
File /Users/nihu/anaconda3/lib/python3.11/site-packages/django/db/models/functions/__init__.py first seen with mtime 1725603828.4133458
File /Users/nihu/anaconda3/lib/python3.11/site-packages/yaml/cyaml.py first seen with mtime 1678324474.566457
File /Users/nihu/anaconda3/lib/python3.11/site-packages/pygments/token.py first seen with mtime 1684280052.005573
File /Users/nihu/anaconda3/lib/python3.11/site-packages/django/utils/tree.py first seen with mtime 1725603828.5751042
File /Users/nihu/anaconda3/lib/python3.11/site-packages/yaml/representer.py first seen with mtime 1678324474.568564
File /Users/nihu/anaconda3/lib/python3.11/ast.py first seen with mtime 1694439057.547631
File /Users/nihu/anaconda3/lib/python3.11/asyncio/base_tasks.py first seen with mtime 1694439057.82924
File /Users/nihu/anaconda3/lib/python3.11/site-packages/django/urls/converters.py first seen with mtime 1725603828.5408683
File /Users/nihu/anaconda3/lib/python3.11/site-packages/django/shortcuts.py first seen with mtime 1725603825.903484
File /Users/nihu/anaconda3/lib/python3.11/site-packages/django/utils/lorem_ipsum.py first seen with mtime 1725603828.568845
File /Users/nihu/anaconda3/lib/python3.11/hmac.py first seen with mtime 1694439057.630831
File /Users/nihu/anaconda3/lib/python3.11/site-packages/django/core/cache/backends/filebased.py first seen with mtime 1725603828.2816598
File /Users/nihu/anaconda3/lib/python3.11/site-packages/django/db/models/lookups.py first seen with mtime 1725603828.39746
File /Users/nihu/anaconda3/lib/python3.11/__future__.py first seen with mtime 1694439057.512066
File /Users/nihu/anaconda3/lib/python3.11/site-packages/rest_framework/schemas/coreapi.py first seen with mtime 1725603837.1697476
File /Users/nihu/anaconda3/lib/python3.11/email/header.py first seen with mtime 1694439058.092521
File /Users/nihu/anaconda3/lib/python3.11/site-packages/requests/cookies.py first seen with mtime 1690400310.159768
File /Users/nihu/anaconda3/lib/python3.11/site-packages/django/db/backends/base/creation.py first seen with mtime 1725603828.3353744
File /Users/nihu/anaconda3/lib/python3.11/site-packages/django/contrib/messages/storage/base.py first seen with mtime 1725603827.580421
File /Users/nihu/anaconda3/lib/python3.11/site-packages/rest_framework/serializers.py first seen with mtime 1725603837.1147337
File /Users/nihu/anaconda3/lib/python3.11/zoneinfo/_common.py first seen with mtime 1694439059.119078
File /Users/nihu/anaconda3/lib/python3.11/site-packages/django/template/defaultfilters.py first seen with mtime 1725603828.5062015
File /Users/nihu/anaconda3/lib/python3.11/site-packages/django/template/smartif.py first seen with mtime 1725603828.512669
File /Users/nihu/anaconda3/lib/python3.11/email/mime/base.py first seen with mtime 1694439058.118972
File /Users/nihu/anaconda3/lib/python3.11/urllib/__init__.py first seen with mtime 1694439058.999288
File /Users/nihu/anaconda3/lib/python3.11/importlib/readers.py first seen with mtime 1694439058.593777
File /Users/nihu/anaconda3/lib/python3.11/site-packages/chardet/big5prober.py first seen with mtime 1678326123.804205
File /Users/nihu/anaconda3/lib/python3.11/dis.py first seen with mtime 1694439057.599096
File /Users/nihu/anaconda3/lib/python3.11/site-packages/urllib3/connection.py first seen with mtime 1686163276.263173
File /Users/nihu/anaconda3/lib/python3.11/site-packages/django/contrib/auth/forms.py first seen with mtime 1725603826.6992643
File /Users/nihu/anaconda3/lib/python3.11/graphlib.py first seen with mtime 1694439057.623892
File /Users/nihu/anaconda3/lib/python3.11/site-packages/django/forms/forms.py first seen with mtime 1725603828.4311643
File /Users/nihu/anaconda3/lib/python3.11/site-packages/django/core/serializers/base.py first seen with mtime 1725603828.3242724
File /Users/nihu/anaconda3/lib/python3.11/site-packages/pytz/tzinfo.py first seen with mtime 1695131634.717535
File /Users/nihu/anaconda3/lib/python3.11/asyncio/sslproto.py first seen with mtime 1694439057.858393
File /Users/nihu/anaconda3/lib/python3.11/site-packages/chardet/jisfreq.py first seen with mtime 1678326123.809043
File /Users/nihu/anaconda3/lib/python3.11/site-packages/chardet/jpcntx.py first seen with mtime 1678326123.809304
File /Users/nihu/anaconda3/lib/python3.11/email/_policybase.py first seen with mtime 1694439058.073767
File /Users/nihu/anaconda3/lib/python3.11/site-packages/django/utils/safestring.py first seen with mtime 1725603828.5712314
File /Users/nihu/anaconda3/lib/python3.11/logging/config.py first seen with mtime 1694439058.799357
File /Users/nihu/anaconda3/lib/python3.11/site-packages/django/core/signing.py first seen with mtime 1725603828.2778752
File /Users/nihu/anaconda3/lib/python3.11/site-packages/django/conf/locale/__init__.py first seen with mtime 1725603825.9110045
File /Users/nihu/anaconda3/lib/python3.11/site-packages/django/contrib/auth/admin.py first seen with mtime 1725603826.6956942
File /Users/nihu/anaconda3/lib/python3.11/site-packages/django/db/migrations/operations/__init__.py first seen with mtime 1725603828.3857262
File /Users/nihu/anaconda3/lib/python3.11/site-packages/urllib3/contrib/__init__.py first seen with mtime 1686163276.265702
File /Users/nihu/anaconda3/lib/python3.11/site-packages/django/contrib/admin/options.py first seen with mtime 1725603826.1326625
File /Users/nihu/anaconda3/lib/python3.11/asyncio/staggered.py first seen with mtime 1694439057.860386
File /Users/nihu/anaconda3/lib/python3.11/site-packages/django/template/autoreload.py first seen with mtime 1725603828.5026095
File /Users/nihu/anaconda3/lib/python3.11/site-packages/pygments/util.py first seen with mtime 1684280052.00635
File /Users/nihu/anaconda3/lib/python3.11/site-packages/docutils/utils/__init__.py first seen with mtime 1678316161.986677
File /Users/nihu/anaconda3/lib/python3.11/pickle.py first seen with mtime 1694439057.677131
File /Users/nihu/anaconda3/lib/python3.11/site-packages/django/db/models/__init__.py first seen with mtime 1725603828.3902328
File /Users/nihu/anaconda3/lib/python3.11/email/iterators.py first seen with mtime 1694439058.096876
File /Users/nihu/anaconda3/lib/python3.11/site-packages/django/utils/encoding.py first seen with mtime 1725603828.5570009
File /Users/nihu/anaconda3/lib/python3.11/difflib.py first seen with mtime 1694439057.597272
File /Users/nihu/anaconda3/lib/python3.11/site-packages/django/template/loaders/cached.py first seen with mtime 1725603828.5197773
File /Users/nihu/anaconda3/lib/python3.11/site-packages/django/templatetags/static.py first seen with mtime 1725603828.5244162
File /Users/nihu/anaconda3/lib/python3.11/concurrent/futures/__init__.py first seen with mtime 1694439057.898716
File /Users/nihu/anaconda3/lib/python3.11/site-packages/django/templatetags/tz.py first seen with mtime 1725603828.5249941
File /Users/nihu/anaconda3/lib/python3.11/site-packages/django/template/loader.py first seen with mtime 1725603828.510393
File /Users/nihu/anaconda3/lib/python3.11/site-packages/django/forms/utils.py first seen with mtime 1725603828.4339
File /Users/nihu/anaconda3/lib/python3.11/site-packages/docutils/parsers/rst/states.py first seen with mtime 1678316161.926475
File /Users/nihu/anaconda3/lib/python3.11/site-packages/markdown/core.py first seen with mtime 1678377889.691488
File /Users/nihu/anaconda3/lib/python3.11/site-packages/django/core/wsgi.py first seen with mtime 1725603828.2789114
File /Users/nihu/anaconda3/lib/python3.11/site-packages/sqlparse/filters/__init__.py first seen with mtime 1725603825.3803134
File /Users/nihu/anaconda3/lib/python3.11/site-packages/charset_normalizer/constant.py first seen with mtime 1630003258.0
File /Users/nihu/anaconda3/lib/python3.11/site-packages/django/contrib/admin/views/autocomplete.py first seen with mtime 1725603826.5702832
File /Users/nihu/anaconda3/lib/python3.11/lib-dynload/_queue.cpython-311-darwin.so first seen with mtime 1694439085.593201
File /Users/nihu/anaconda3/lib/python3.11/site-packages/django/contrib/admin/views/__init__.py first seen with mtime 1725603826.5698857
File /Users/nihu/anaconda3/lib/python3.11/site-packages/django/contrib/auth/views.py first seen with mtime 1725603826.7046537
File /Users/nihu/anaconda3/lib/python3.11/site-packages/charset_normalizer/legacy.py first seen with mtime 1630003258.0
File /Users/nihu/anaconda3/lib/python3.11/lib-dynload/_ctypes.cpython-311-darwin.so first seen with mtime 1694439086.778807
File /Users/nihu/anaconda3/lib/python3.11/site-packages/brotli/brotli.py first seen with mtime 1481534721.0
File /Users/nihu/anaconda3/lib/python3.11/site-packages/django/contrib/postgres/forms/array.py first seen with mtime 1725603827.5979245
File /Users/nihu/anaconda3/lib/python3.11/site-packages/django/utils/autoreload.py first seen with mtime 1725603828.54818
File /Users/nihu/anaconda3/lib/python3.11/site-packages/colorama/__init__.py first seen with mtime 1678320245.487838
File /Users/nihu/anaconda3/lib/python3.11/gettext.py first seen with mtime 1694439057.620271
File /Users/nihu/anaconda3/lib/python3.11/site-packages/yaml/scanner.py first seen with mtime 1678324474.569118
File /Users/nihu/anaconda3/lib/python3.11/site-packages/django/core/checks/security/base.py first seen with mtime 1725603828.289368
File /Users/nihu/anaconda3/lib/python3.11/site-packages/django/db/backends/sqlite3/base.py first seen with mtime 1725603828.3698938
File /Users/nihu/anaconda3/lib/python3.11/email/encoders.py first seen with mtime 1694439058.084016
File /Users/nihu/anaconda3/lib/python3.11/site-packages/chardet/big5freq.py first seen with mtime 1678326123.803977
File /Users/nihu/anaconda3/lib/python3.11/logging/handlers.py first seen with mtime 1694439058.801337
File /Users/nihu/anaconda3/lib/python3.11/site-packages/yaml/error.py first seen with mtime 1678324474.567212
File /Users/nihu/anaconda3/lib/python3.11/site-packages/docutils/readers/__init__.py first seen with mtime 1678316161.983354
File /Users/nihu/anaconda3/lib/python3.11/email/base64mime.py first seen with mtime 1694439058.077718
File /Users/nihu/anaconda3/lib/python3.11/site-packages/django/contrib/postgres/__init__.py first seen with mtime 1725603827.5828226
File /Users/nihu/anaconda3/lib/python3.11/site-packages/django/db/models/fields/files.py first seen with mtime 1725603828.4048166
File /Users/nihu/anaconda3/lib/python3.11/string.py first seen with mtime 1694439057.747748
File /Users/nihu/anaconda3/lib/python3.11/xml/etree/ElementPath.py first seen with mtime 1694439059.076452
File /Users/nihu/anaconda3/lib/python3.11/site-packages/django/db/backends/base/validation.py first seen with mtime 1725603828.340247
File /Users/nihu/anaconda3/lib/python3.11/site-packages/django/apps/__init__.py first seen with mtime 1725603825.9041052
File /Users/nihu/anaconda3/lib/python3.11/getpass.py first seen with mtime 1694439057.618509
File /Users/nihu/anaconda3/lib/python3.11/site-packages/django/contrib/staticfiles/management/commands/__init__.py first seen with mtime 1725603828.2724202
File /Users/nihu/anaconda3/lib/python3.11/site-packages/django/template/backends/base.py first seen with mtime 1725603828.5148773
File /Users/nihu/anaconda3/lib/python3.11/hashlib.py first seen with mtime 1694439057.627332
File /Users/nihu/anaconda3/lib/python3.11/site-packages/pygments/lexers/_mapping.py first seen with mtime 1684280052.015738
File /Users/nihu/anaconda3/lib/python3.11/site-packages/requests/auth.py first seen with mtime 1690400310.158746
File /Users/nihu/anaconda3/lib/python3.11/site-packages/sqlparse/formatter.py first seen with mtime 1725603825.376592
File /Users/nihu/anaconda3/lib/python3.11/site-packages/pygments/style.py first seen with mtime 1684280052.0053
File /Users/nihu/anaconda3/lib/python3.11/site-packages/django/db/models/sql/constants.py first seen with mtime 1725603828.4211247
File /Users/nihu/anaconda3/lib/python3.11/site-packages/sqlparse/filters/tokens.py first seen with mtime 1725603825.3832867
File /Users/nihu/anaconda3/lib/python3.11/site-packages/django/core/files/utils.py first seen with mtime 1725603828.294764
File /Users/nihu/anaconda3/lib/python3.11/site-packages/django/db/backends/base/features.py first seen with mtime 1725603828.3359244
File /Users/nihu/anaconda3/lib/python3.11/reprlib.py first seen with mtime 1694439057.70892
File /Users/nihu/anaconda3/lib/python3.11/tokenize.py first seen with mtime 1694439057.777539
File /Users/nihu/anaconda3/lib/python3.11/site-packages/chardet/charsetgroupprober.py first seen with mtime 1678326123.804668
File /Users/nihu/anaconda3/lib/python3.11/site-packages/chardet/utf8prober.py first seen with mtime 1678326123.814096
File /Users/nihu/anaconda3/lib/python3.11/site-packages/colorama/initialise.py first seen with mtime 1678320245.488624
File /Users/nihu/anaconda3/lib/python3.11/email/utils.py first seen with mtime 1694439058.107802
File /Users/nihu/anaconda3/lib/python3.11/site-packages/django/utils/choices.py first seen with mtime 1725603828.5494423
File /Users/nihu/anaconda3/lib/python3.11/site-packages/django/db/backends/base/introspection.py first seen with mtime 1725603828.337653
File /Users/nihu/anaconda3/lib/python3.11/site-packages/pytz/__init__.py first seen with mtime 1695131634.71607
File /Users/nihu/anaconda3/lib/python3.11/site-packages/chardet/sjisprober.py first seen with mtime 1678326123.813596
File /Users/nihu/anaconda3/lib/python3.11/site-packages/chardet/codingstatemachine.py first seen with mtime 1678326123.805197
File /Users/nihu/anaconda3/lib/python3.11/asyncio/events.py first seen with mtime 1694439057.834776
File /Users/nihu/anaconda3/lib/python3.11/site-packages/django/db/migrations/operations/special.py first seen with mtime 1725603828.3897417
File /Users/nihu/anaconda3/lib/python3.11/site-packages/rest_framework/utils/breadcrumbs.py first seen with mtime 1725603837.2322407
File /Users/nihu/anaconda3/lib/python3.11/importlib/resources/_common.py first seen with mtime 1694439058.605713
File /Users/nihu/anaconda3/lib/python3.11/site-packages/urllib3/util/url.py first seen with mtime 1686163276.273041
File /Users/nihu/anaconda3/lib/python3.11/site-packages/rest_framework/templates/rest_framework first seen with mtime 1725603837.226436
File /Users/nihu/anaconda3/lib/python3.11/site-packages/rest_framework/templates/rest_framework/filters first seen with mtime 1725603837.2173548
File /Users/nihu/anaconda3/lib/python3.11/site-packages/rest_framework/templates/rest_framework/pagination first seen with mtime 1725603837.2260997
File /Users/nihu/anaconda3/lib/python3.11/site-packages/rest_framework/templates/rest_framework/admin.html first seen with mtime 1725603837.2028303
File /Users/nihu/anaconda3/lib/python3.11/site-packages/rest_framework/templates/rest_framework/base.html first seen with mtime 1725603837.2041934
File /Users/nihu/anaconda3/lib/python3.11/site-packages/rest_framework/templates/rest_framework/horizontal first seen with mtime 1725603837.2215338
File /Users/nihu/anaconda3/lib/python3.11/site-packages/rest_framework/templates/rest_framework/raw_data_form.html first seen with mtime 1725603837.205918
File /Users/nihu/anaconda3/lib/python3.11/site-packages/rest_framework/templates/rest_framework/admin first seen with mtime 1725603837.2093177
File /Users/nihu/anaconda3/lib/python3.11/site-packages/rest_framework/templates/rest_framework/login.html first seen with mtime 1725603837.2047222
File /Users/nihu/anaconda3/lib/python3.11/site-packages/rest_framework/templates/rest_framework/docs first seen with mtime 1725603837.2143376
File /Users/nihu/anaconda3/lib/python3.11/site-packages/rest_framework/templates/rest_framework/inline first seen with mtime 1725603837.225443
File /Users/nihu/anaconda3/lib/python3.11/site-packages/rest_framework/templates/rest_framework/login_base.html first seen with mtime 1725603837.205276
File /Users/nihu/anaconda3/lib/python3.11/site-packages/rest_framework/templates/rest_framework/schema.js first seen with mtime 1725603837.2064831
File /Users/nihu/anaconda3/lib/python3.11/site-packages/rest_framework/templates/rest_framework/api.html first seen with mtime 1725603837.2035868
File /Users/nihu/anaconda3/lib/python3.11/site-packages/rest_framework/templates/rest_framework/vertical first seen with mtime 1725603837.2307084
File /Users/nihu/anaconda3/lib/python3.11/site-packages/rest_framework/templates/rest_framework/filters/base.html first seen with mtime 1725603837.2168064
File /Users/nihu/anaconda3/lib/python3.11/site-packages/rest_framework/templates/rest_framework/filters/search.html first seen with mtime 1725603837.2174592
File /Users/nihu/anaconda3/lib/python3.11/site-packages/rest_framework/templates/rest_framework/filters/ordering.html first seen with mtime 1725603837.2171366
File /Users/nihu/anaconda3/lib/python3.11/site-packages/rest_framework/templates/rest_framework/pagination/numbers.html first seen with mtime 1725603837.2258987
File /Users/nihu/anaconda3/lib/python3.11/site-packages/rest_framework/templates/rest_framework/pagination/previous_and_next.html first seen with mtime 1725603837.2262802
File /Users/nihu/anaconda3/lib/python3.11/site-packages/rest_framework/templates/rest_framework/horizontal/select.html first seen with mtime 1725603837.2209594
File /Users/nihu/anaconda3/lib/python3.11/site-packages/rest_framework/templates/rest_framework/horizontal/dict_field.html first seen with mtime 1725603837.2186372
File /Users/nihu/anaconda3/lib/python3.11/site-packages/rest_framework/templates/rest_framework/horizontal/form.html first seen with mtime 1725603837.21927
File /Users/nihu/anaconda3/lib/python3.11/site-packages/rest_framework/templates/rest_framework/horizontal/list_fieldset.html first seen with mtime 1725603837.2202387
File /Users/nihu/anaconda3/lib/python3.11/site-packages/rest_framework/templates/rest_framework/horizontal/textarea.html first seen with mtime 1725603837.2216403
File /Users/nihu/anaconda3/lib/python3.11/site-packages/rest_framework/templates/rest_framework/horizontal/radio.html first seen with mtime 1725603837.2205672
File /Users/nihu/anaconda3/lib/python3.11/site-packages/rest_framework/templates/rest_framework/horizontal/checkbox_multiple.html first seen with mtime 1725603837.218319
File /Users/nihu/anaconda3/lib/python3.11/site-packages/rest_framework/templates/rest_framework/horizontal/checkbox.html first seen with mtime 1725603837.2178588
File /Users/nihu/anaconda3/lib/python3.11/site-packages/rest_framework/templates/rest_framework/horizontal/fieldset.html first seen with mtime 1725603837.2189524
File /Users/nihu/anaconda3/lib/python3.11/site-packages/rest_framework/templates/rest_framework/horizontal/input.html first seen with mtime 1725603837.2195911
File /Users/nihu/anaconda3/lib/python3.11/site-packages/rest_framework/templates/rest_framework/horizontal/select_multiple.html first seen with mtime 1725603837.2213182
File /Users/nihu/anaconda3/lib/python3.11/site-packages/rest_framework/templates/rest_framework/horizontal/list_field.html first seen with mtime 1725603837.2199054
File /Users/nihu/anaconda3/lib/python3.11/site-packages/rest_framework/templates/rest_framework/admin/dict_value.html first seen with mtime 1725603837.2078261
File /Users/nihu/anaconda3/lib/python3.11/site-packages/rest_framework/templates/rest_framework/admin/list.html first seen with mtime 1725603837.2084131
File /Users/nihu/anaconda3/lib/python3.11/site-packages/rest_framework/templates/rest_framework/admin/simple_list_value.html first seen with mtime 1725603837.209503
File /Users/nihu/anaconda3/lib/python3.11/site-packages/rest_framework/templates/rest_framework/admin/detail.html first seen with mtime 1725603837.207167
File /Users/nihu/anaconda3/lib/python3.11/site-packages/rest_framework/templates/rest_framework/admin/list_value.html first seen with mtime 1725603837.208957
File /Users/nihu/anaconda3/lib/python3.11/site-packages/rest_framework/templates/rest_framework/docs/link.html first seen with mtime 1725603837.2123425
File /Users/nihu/anaconda3/lib/python3.11/site-packages/rest_framework/templates/rest_framework/docs/index.html first seen with mtime 1725603837.2112079
File /Users/nihu/anaconda3/lib/python3.11/site-packages/rest_framework/templates/rest_framework/docs/auth first seen with mtime 1725603837.21406
File /Users/nihu/anaconda3/lib/python3.11/site-packages/rest_framework/templates/rest_framework/docs/document.html first seen with mtime 1725603837.210133
File /Users/nihu/anaconda3/lib/python3.11/site-packages/rest_framework/templates/rest_framework/docs/langs first seen with mtime 1725603837.2163053
File /Users/nihu/anaconda3/lib/python3.11/site-packages/rest_framework/templates/rest_framework/docs/interact.html first seen with mtime 1725603837.2117682
File /Users/nihu/anaconda3/lib/python3.11/site-packages/rest_framework/templates/rest_framework/docs/sidebar.html first seen with mtime 1725603837.2129343
File /Users/nihu/anaconda3/lib/python3.11/site-packages/rest_framework/templates/rest_framework/docs/error.html first seen with mtime 1725603837.2106724
File /Users/nihu/anaconda3/lib/python3.11/site-packages/rest_framework/templates/rest_framework/docs/auth/basic.html first seen with mtime 1725603837.2134848
File /Users/nihu/anaconda3/lib/python3.11/site-packages/rest_framework/templates/rest_framework/docs/auth/token.html first seen with mtime 1725603837.2141771
File /Users/nihu/anaconda3/lib/python3.11/site-packages/rest_framework/templates/rest_framework/docs/auth/session.html first seen with mtime 1725603837.2138395
File /Users/nihu/anaconda3/lib/python3.11/site-packages/rest_framework/templates/rest_framework/docs/langs/python.html first seen with mtime 1725603837.2157323
File /Users/nihu/anaconda3/lib/python3.11/site-packages/rest_framework/templates/rest_framework/docs/langs/javascript.html first seen with mtime 1725603837.2149112
File /Users/nihu/anaconda3/lib/python3.11/site-packages/rest_framework/templates/rest_framework/docs/langs/shell.html first seen with mtime 1725603837.2164128
File /Users/nihu/anaconda3/lib/python3.11/site-packages/rest_framework/templates/rest_framework/docs/langs/shell-intro.html first seen with mtime 1725603837.2160804
File /Users/nihu/anaconda3/lib/python3.11/site-packages/rest_framework/templates/rest_framework/docs/langs/python-intro.html first seen with mtime 1725603837.2153378
File /Users/nihu/anaconda3/lib/python3.11/site-packages/rest_framework/templates/rest_framework/docs/langs/javascript-intro.html first seen with mtime 1725603837.21458
File /Users/nihu/anaconda3/lib/python3.11/site-packages/rest_framework/templates/rest_framework/inline/select.html first seen with mtime 1725603837.2249417
File /Users/nihu/anaconda3/lib/python3.11/site-packages/rest_framework/templates/rest_framework/inline/dict_field.html first seen with mtime 1725603837.2226527
File /Users/nihu/anaconda3/lib/python3.11/site-packages/rest_framework/templates/rest_framework/inline/form.html first seen with mtime 1725603837.2233095
File /Users/nihu/anaconda3/lib/python3.11/site-packages/rest_framework/templates/rest_framework/inline/list_fieldset.html first seen with mtime 1725603837.2243204
File /Users/nihu/anaconda3/lib/python3.11/site-packages/rest_framework/templates/rest_framework/inline/textarea.html first seen with mtime 1725603837.225542
File /Users/nihu/anaconda3/lib/python3.11/site-packages/rest_framework/templates/rest_framework/inline/radio.html first seen with mtime 1725603837.2246332
File /Users/nihu/anaconda3/lib/python3.11/site-packages/rest_framework/templates/rest_framework/inline/checkbox_multiple.html first seen with mtime 1725603837.2223477
File /Users/nihu/anaconda3/lib/python3.11/site-packages/rest_framework/templates/rest_framework/inline/checkbox.html first seen with mtime 1725603837.222031
File /Users/nihu/anaconda3/lib/python3.11/site-packages/rest_framework/templates/rest_framework/inline/fieldset.html first seen with mtime 1725603837.2229576
File /Users/nihu/anaconda3/lib/python3.11/site-packages/rest_framework/templates/rest_framework/inline/input.html first seen with mtime 1725603837.2236972
File /Users/nihu/anaconda3/lib/python3.11/site-packages/rest_framework/templates/rest_framework/inline/select_multiple.html first seen with mtime 1725603837.2252424
File /Users/nihu/anaconda3/lib/python3.11/site-packages/rest_framework/templates/rest_framework/inline/list_field.html first seen with mtime 1725603837.2240093
File /Users/nihu/anaconda3/lib/python3.11/site-packages/rest_framework/templates/rest_framework/vertical/select.html first seen with mtime 1725603837.2301154
File /Users/nihu/anaconda3/lib/python3.11/site-packages/rest_framework/templates/rest_framework/vertical/dict_field.html first seen with mtime 1725603837.2272935
File /Users/nihu/anaconda3/lib/python3.11/site-packages/rest_framework/templates/rest_framework/vertical/form.html first seen with mtime 1725603837.2280934
File /Users/nihu/anaconda3/lib/python3.11/site-packages/rest_framework/templates/rest_framework/vertical/list_fieldset.html first seen with mtime 1725603837.2293777
File /Users/nihu/anaconda3/lib/python3.11/site-packages/rest_framework/templates/rest_framework/vertical/textarea.html first seen with mtime 1725603837.2308073
File /Users/nihu/anaconda3/lib/python3.11/site-packages/rest_framework/templates/rest_framework/vertical/radio.html first seen with mtime 1725603837.2297525
File /Users/nihu/anaconda3/lib/python3.11/site-packages/rest_framework/templates/rest_framework/vertical/checkbox_multiple.html first seen with mtime 1725603837.226957
File /Users/nihu/anaconda3/lib/python3.11/site-packages/rest_framework/templates/rest_framework/vertical/checkbox.html first seen with mtime 1725603837.226651
File /Users/nihu/anaconda3/lib/python3.11/site-packages/rest_framework/templates/rest_framework/vertical/fieldset.html first seen with mtime 1725603837.2276525
File /Users/nihu/anaconda3/lib/python3.11/site-packages/rest_framework/templates/rest_framework/vertical/input.html first seen with mtime 1725603837.2285914
File /Users/nihu/anaconda3/lib/python3.11/site-packages/rest_framework/templates/rest_framework/vertical/select_multiple.html first seen with mtime 1725603837.2304726
File /Users/nihu/anaconda3/lib/python3.11/site-packages/rest_framework/templates/rest_framework/vertical/list_field.html first seen with mtime 1725603837.2289994
File /Users/nihu/anaconda3/lib/python3.11/site-packages/rest_framework/locale/fa_IR/LC_MESSAGES/django.mo first seen with mtime 1725603837.136442
File /Users/nihu/anaconda3/lib/python3.11/site-packages/rest_framework/locale/sl/LC_MESSAGES/django.mo first seen with mtime 1725603837.1583877
File /Users/nihu/anaconda3/lib/python3.11/site-packages/rest_framework/locale/sk/LC_MESSAGES/django.mo first seen with mtime 1725603837.1574337
File /Users/nihu/anaconda3/lib/python3.11/site-packages/rest_framework/locale/pl/LC_MESSAGES/django.mo first seen with mtime 1725603837.150796
File /Users/nihu/anaconda3/lib/python3.11/site-packages/rest_framework/locale/vi/LC_MESSAGES/django.mo first seen with mtime 1725603837.1654115
File /Users/nihu/anaconda3/lib/python3.11/site-packages/rest_framework/locale/sv/LC_MESSAGES/django.mo first seen with mtime 1725603837.159282
File /Users/nihu/anaconda3/lib/python3.11/site-packages/rest_framework/locale/en_US/LC_MESSAGES/django.mo first seen with mtime 1725603837.1341474
File /Users/nihu/anaconda3/lib/python3.11/site-packages/rest_framework/locale/ne_NP/LC_MESSAGES/django.mo first seen with mtime 1725603837.1481528
File /Users/nihu/anaconda3/lib/python3.11/site-packages/rest_framework/locale/hy/LC_MESSAGES/django.mo first seen with mtime 1725603837.1416216
File /Users/nihu/anaconda3/lib/python3.11/site-packages/rest_framework/locale/nn/LC_MESSAGES/django.mo first seen with mtime 1725603837.1494184
File /Users/nihu/anaconda3/lib/python3.11/site-packages/rest_framework/locale/be/LC_MESSAGES/django.mo first seen with mtime 1725603837.12722
File /Users/nihu/anaconda3/lib/python3.11/site-packages/rest_framework/locale/da/LC_MESSAGES/django.mo first seen with mtime 1725603837.1301486
File /Users/nihu/anaconda3/lib/python3.11/site-packages/rest_framework/locale/gl_ES/LC_MESSAGES/django.mo first seen with mtime 1725603837.1393366
File /Users/nihu/anaconda3/lib/python3.11/site-packages/rest_framework/locale/no/LC_MESSAGES/django.mo first seen with mtime 1725603837.1501386
File /Users/nihu/anaconda3/lib/python3.11/site-packages/rest_framework/locale/pt_BR/LC_MESSAGES/django.mo first seen with mtime 1725603837.1526248
File /Users/nihu/anaconda3/lib/python3.11/site-packages/rest_framework/locale/ko_KR/LC_MESSAGES/django.mo first seen with mtime 1725603837.1447914
File /Users/nihu/anaconda3/lib/python3.11/site-packages/rest_framework/locale/ja/LC_MESSAGES/django.mo first seen with mtime 1725603837.1439683
File /Users/nihu/anaconda3/lib/python3.11/site-packages/rest_framework/locale/el/LC_MESSAGES/django.mo first seen with mtime 1725603837.13132
File /Users/nihu/anaconda3/lib/python3.11/site-packages/rest_framework/locale/lv/LC_MESSAGES/django.mo first seen with mtime 1725603837.146407
File /Users/nihu/anaconda3/lib/python3.11/site-packages/rest_framework/locale/it/LC_MESSAGES/django.mo first seen with mtime 1725603837.143294
File /Users/nihu/anaconda3/lib/python3.11/site-packages/rest_framework/locale/ca/LC_MESSAGES/django.mo first seen with mtime 1725603837.1283264
File /Users/nihu/anaconda3/lib/python3.11/site-packages/rest_framework/locale/zh_TW/LC_MESSAGES/django.mo first seen with mtime 1725603837.1678555
File /Users/nihu/anaconda3/lib/python3.11/site-packages/rest_framework/locale/cs/LC_MESSAGES/django.mo first seen with mtime 1725603837.1293757
File /Users/nihu/anaconda3/lib/python3.11/site-packages/rest_framework/locale/en_CA/LC_MESSAGES/django.mo first seen with mtime 1725603837.1336904
File /Users/nihu/anaconda3/lib/python3.11/site-packages/rest_framework/locale/pt_PT/LC_MESSAGES/django.mo first seen with mtime 1725603837.1536124
File /Users/nihu/anaconda3/lib/python3.11/site-packages/rest_framework/locale/ach/LC_MESSAGES/django.mo first seen with mtime 1725603837.125373
File /Users/nihu/anaconda3/lib/python3.11/site-packages/rest_framework/locale/zh_Hans/LC_MESSAGES/django.mo first seen with mtime 1725603837.166748
File /Users/nihu/anaconda3/lib/python3.11/site-packages/rest_framework/locale/ru/LC_MESSAGES/django.mo first seen with mtime 1725603837.1553998
File /Users/nihu/anaconda3/lib/python3.11/site-packages/rest_framework/locale/zh_Hant/LC_MESSAGES/django.mo first seen with mtime 1725603837.1672673
File /Users/nihu/anaconda3/lib/python3.11/site-packages/rest_framework/locale/he_IL/LC_MESSAGES/django.mo first seen with mtime 1725603837.139943
File /Users/nihu/anaconda3/lib/python3.11/site-packages/rest_framework/locale/fr_CA/LC_MESSAGES/django.mo first seen with mtime 1725603837.1382155
File /Users/nihu/anaconda3/lib/python3.11/site-packages/rest_framework/locale/ro/LC_MESSAGES/django.mo first seen with mtime 1725603837.1545005
File /Users/nihu/anaconda3/lib/python3.11/site-packages/rest_framework/locale/zh_CN/LC_MESSAGES/django.mo first seen with mtime 1725603837.1660688
File /Users/nihu/anaconda3/lib/python3.11/site-packages/rest_framework/locale/pt/LC_MESSAGES/django.mo first seen with mtime 1725603837.151663
File /Users/nihu/anaconda3/lib/python3.11/site-packages/rest_framework/locale/uk/LC_MESSAGES/django.mo first seen with mtime 1725603837.1640956
File /Users/nihu/anaconda3/lib/python3.11/site-packages/rest_framework/locale/en_AU/LC_MESSAGES/django.mo first seen with mtime 1725603837.1331902
File /Users/nihu/anaconda3/lib/python3.11/site-packages/rest_framework/locale/mk/LC_MESSAGES/django.mo first seen with mtime 1725603837.1470203
File /Users/nihu/anaconda3/lib/python3.11/site-packages/rest_framework/locale/ar/LC_MESSAGES/django.mo first seen with mtime 1725603837.1259663
File /Users/nihu/anaconda3/lib/python3.11/site-packages/rest_framework/locale/gl/LC_MESSAGES/django.mo first seen with mtime 1725603837.1387541
File /Users/nihu/anaconda3/lib/python3.11/site-packages/rest_framework/locale/hu/LC_MESSAGES/django.mo first seen with mtime 1725603837.1407337
File /Users/nihu/anaconda3/lib/python3.11/site-packages/rest_framework/locale/nl/LC_MESSAGES/django.mo first seen with mtime 1725603837.1488924
File /Users/nihu/anaconda3/lib/python3.11/site-packages/rest_framework/locale/bg/LC_MESSAGES/django.mo first seen with mtime 1725603837.1277828
File /Users/nihu/anaconda3/lib/python3.11/site-packages/rest_framework/locale/nb/LC_MESSAGES/django.mo first seen with mtime 1725603837.1475918
File /Users/nihu/anaconda3/lib/python3.11/site-packages/rest_framework/locale/de/LC_MESSAGES/django.mo first seen with mtime 1725603837.130726
File /Users/nihu/anaconda3/lib/python3.11/site-packages/rest_framework/locale/ca_ES/LC_MESSAGES/django.mo first seen with mtime 1725603837.1288238
File /Users/nihu/anaconda3/lib/python3.11/site-packages/rest_framework/locale/az/LC_MESSAGES/django.mo first seen with mtime 1725603837.1266391
File /Users/nihu/anaconda3/lib/python3.11/site-packages/rest_framework/locale/ru_RU/LC_MESSAGES/django.mo first seen with mtime 1725603837.1563547
File /Users/nihu/anaconda3/lib/python3.11/site-packages/rest_framework/locale/fi/LC_MESSAGES/django.mo first seen with mtime 1725603837.1369874
File /Users/nihu/anaconda3/lib/python3.11/site-packages/rest_framework/locale/id/LC_MESSAGES/django.mo first seen with mtime 1725603837.1423893
File /Users/nihu/anaconda3/lib/python3.11/site-packages/rest_framework/locale/fr/LC_MESSAGES/django.mo first seen with mtime 1725603837.1377096
File /Users/nihu/anaconda3/lib/python3.11/site-packages/rest_framework/locale/es/LC_MESSAGES/django.mo first seen with mtime 1725603837.1347568
File /Users/nihu/anaconda3/lib/python3.11/site-packages/rest_framework/locale/et/LC_MESSAGES/django.mo first seen with mtime 1725603837.1353102
File /Users/nihu/anaconda3/lib/python3.11/site-packages/rest_framework/locale/en/LC_MESSAGES/django.mo first seen with mtime 1725603837.1324809
File /Users/nihu/anaconda3/lib/python3.11/site-packages/rest_framework/locale/fa/LC_MESSAGES/django.mo first seen with mtime 1725603837.135866
File /Users/nihu/anaconda3/lib/python3.11/site-packages/rest_framework/locale/lt/LC_MESSAGES/django.mo first seen with mtime 1725603837.1456184
File /Users/nihu/anaconda3/lib/python3.11/site-packages/rest_framework/locale/el_GR/LC_MESSAGES/django.mo first seen with mtime 1725603837.1317925
File /Users/nihu/anaconda3/lib/python3.11/site-packages/rest_framework/locale/th/LC_MESSAGES/django.mo first seen with mtime 1725603837.1601543
File /Users/nihu/anaconda3/lib/python3.11/site-packages/rest_framework/locale/tr/LC_MESSAGES/django.mo first seen with mtime 1725603837.1614857
File /Users/nihu/anaconda3/lib/python3.11/site-packages/rest_framework/locale/tr_TR/LC_MESSAGES/django.mo first seen with mtime 1725603837.1625807
File /Users/nihu/anaconda3/lib/python3.11/site-packages/django/conf/urls/__init__.py first seen with mtime 1725603826.1259596
File /Users/nihu/anaconda3/lib/python3.11/site-packages/django/contrib/sessions/backends/base.py first seen with mtime 1725603827.9708445
File /Users/nihu/anaconda3/lib/python3.11/site-packages/django/contrib/auth/migrations/0003_alter_user_email_max_length.py first seen with mtime 1725603826.8395896
File /Users/nihu/anaconda3/lib/python3.11/site-packages/django/contrib/messages/middleware.py first seen with mtime 1725603827.5679004
File /Users/nihu/anaconda3/lib/python3.11/site-packages/django/contrib/auth/migrations/0007_alter_validators_add_error_messages.py first seen with mtime 1725603826.8413959
File /Users/nihu/anaconda3/lib/python3.11/site-packages/django/contrib/sessions/migrations/0001_initial.py first seen with mtime 1725603828.1247811
File /Users/nihu/anaconda3/lib/python3.11/site-packages/django/contrib/auth/migrations/0004_alter_user_username_opts.py first seen with mtime 1725603826.8400126
File /Users/nihu/anaconda3/lib/python3.11/site-packages/django/contrib/sessions/migrations/__init__.py first seen with mtime 1725603828.12502
File /Users/nihu/anaconda3/lib/python3.11/site-packages/django/contrib/admin/migrations/0003_logentry_add_action_flag_choices.py first seen with mtime 1725603826.4064806
File /Users/nihu/anaconda3/lib/python3.11/site-packages/django/contrib/auth/migrations/__init__.py first seen with mtime 1725603826.8436162
File /Users/nihu/anaconda3/lib/python3.11/site-packages/django/contrib/auth/migrations/0009_alter_user_last_name_max_length.py first seen with mtime 1725603826.8420753
File /Users/nihu/anaconda3/lib/python3.11/site-packages/django/views/defaults.py first seen with mtime 1725603828.5808034
File /Users/nihu/anaconda3/lib/python3.11/site-packages/django/contrib/auth/migrations/0011_update_proxy_permissions.py first seen with mtime 1725603826.8430514
File /Users/nihu/anaconda3/lib/python3.11/site-packages/django/views/csrf.py first seen with mtime 1725603828.5798788
File /Users/nihu/anaconda3/lib/python3.11/site-packages/django/contrib/auth/migrations/0010_alter_group_name_max_length.py first seen with mtime 1725603826.8424435
File /Users/nihu/anaconda3/lib/python3.11/site-packages/django/middleware/clickjacking.py first seen with mtime 1725603828.49635
File /Users/nihu/anaconda3/lib/python3.11/site-packages/django/db/migrations/recorder.py first seen with mtime 1725603828.3818285
File /Users/nihu/Blockhouse_Assessment/backend/chart_visualizer/wsgi.py first seen with mtime 1725604094.5653057
File /Users/nihu/anaconda3/lib/python3.11/site-packages/django/contrib/sessions/backends/db.py first seen with mtime 1725603827.972389
File /Users/nihu/anaconda3/lib/python3.11/site-packages/django/contrib/contenttypes/migrations/0001_initial.py first seen with mtime 1725603826.9700246
File /Users/nihu/anaconda3/lib/python3.11/site-packages/django/contrib/contenttypes/migrations/__init__.py first seen with mtime 1725603826.9706638
File /Users/nihu/anaconda3/lib/python3.11/site-packages/django/middleware/common.py first seen with mtime 1725603828.4971323
File /Users/nihu/anaconda3/lib/python3.11/site-packages/django/contrib/contenttypes/migrations/0002_remove_content_type_name.py first seen with mtime 1725603826.9703834
File /Users/nihu/Blockhouse_Assessment/backend/chart_api/migrations/__init__.py first seen with mtime 1725604335.289945
File /Users/nihu/anaconda3/lib/python3.11/site-packages/django/contrib/admin/migrations/0002_logentry_remove_auto_add.py first seen with mtime 1725603826.4060147
File /Users/nihu/anaconda3/lib/python3.11/site-packages/django/contrib/auth/migrations/0006_require_contenttypes_0002.py first seen with mtime 1725603826.8410053
File /Users/nihu/anaconda3/lib/python3.11/site-packages/django/contrib/auth/migrations/0008_alter_user_username_max_length.py first seen with mtime 1725603826.8417366
File /Users/nihu/anaconda3/lib/python3.11/site-packages/django/db/migrations/loader.py first seen with mtime 1725603828.3800273
File /Users/nihu/anaconda3/lib/python3.11/site-packages/django/db/models/sql/compiler.py first seen with mtime 1725603828.4202309
File /Users/nihu/anaconda3/lib/python3.11/site-packages/django/contrib/auth/migrations/0002_alter_permission_name_max_length.py first seen with mtime 1725603826.8390923
File /Users/nihu/anaconda3/lib/python3.11/site-packages/django/core/cache/backends/locmem.py first seen with mtime 1725603828.2820375
File /Users/nihu/anaconda3/lib/python3.11/site-packages/django/contrib/admin/migrations/0001_initial.py first seen with mtime 1725603826.4055228
File /Users/nihu/anaconda3/lib/python3.11/site-packages/django/contrib/admin/migrations/__init__.py first seen with mtime 1725603826.4067593
File /Users/nihu/anaconda3/lib/python3.11/site-packages/django/db/migrations/graph.py first seen with mtime 1725603828.3794427
File /Users/nihu/anaconda3/lib/python3.11/site-packages/django/contrib/sessions/exceptions.py first seen with mtime 1725603827.9687881
File /Users/nihu/anaconda3/lib/python3.11/site-packages/django/contrib/auth/migrations/0005_alter_user_last_login_null.py first seen with mtime 1725603826.8404484
File /Users/nihu/anaconda3/lib/python3.11/site-packages/django/contrib/auth/migrations/0012_alter_user_first_name_max_length.py first seen with mtime 1725603826.8434167
File /Users/nihu/anaconda3/lib/python3.11/site-packages/django/db/migrations/executor.py first seen with mtime 1725603828.3775434
File /Users/nihu/anaconda3/lib/python3.11/site-packages/django/contrib/auth/migrations/0001_initial.py first seen with mtime 1725603826.8386135
Exception while resolving variable 'name' in template 'unknown'.
Traceback (most recent call last):
  File "/Users/nihu/anaconda3/lib/python3.11/site-packages/django/core/handlers/exception.py", line 55, in inner
    response = get_response(request)
               ^^^^^^^^^^^^^^^^^^^^^
  File "/Users/nihu/anaconda3/lib/python3.11/site-packages/django/core/handlers/base.py", line 181, in _get_response
    callback, callback_args, callback_kwargs = self.resolve_request(request)
                                               ^^^^^^^^^^^^^^^^^^^^^^^^^^^^^
  File "/Users/nihu/anaconda3/lib/python3.11/site-packages/django/core/handlers/base.py", line 313, in resolve_request
    resolver_match = resolver.resolve(request.path_info)
                     ^^^^^^^^^^^^^^^^^^^^^^^^^^^^^^^^^^^
  File "/Users/nihu/anaconda3/lib/python3.11/site-packages/django/urls/resolvers.py", line 705, in resolve
    raise Resolver404({"tried": tried, "path": new_path})
django.urls.exceptions.Resolver404: {'tried': [[<URLResolver <URLPattern list> (admin:admin) 'admin/'>], [<URLResolver <module 'chart_api.urls' from '/Users/nihu/Blockhouse_Assessment/backend/chart_api/urls.py'> (None:None) 'api/'>, <URLPattern 'candlestick-data/' [name='candlestick-data']>], [<URLResolver <module 'chart_api.urls' from '/Users/nihu/Blockhouse_Assessment/backend/chart_api/urls.py'> (None:None) 'api/'>, <URLPattern 'line-chart-data/' [name='line-chart-data']>], [<URLResolver <module 'chart_api.urls' from '/Users/nihu/Blockhouse_Assessment/backend/chart_api/urls.py'> (None:None) 'api/'>, <URLPattern 'bar-chart-data/' [name='bar-chart-data']>], [<URLResolver <module 'chart_api.urls' from '/Users/nihu/Blockhouse_Assessment/backend/chart_api/urls.py'> (None:None) 'api/'>, <URLPattern 'pie-chart-data/' [name='pie-chart-data']>]], 'path': 'api/linechart-data'}

During handling of the above exception, another exception occurred:

Traceback (most recent call last):
  File "/Users/nihu/anaconda3/lib/python3.11/site-packages/django/template/base.py", line 883, in _resolve_lookup
    current = current[bit]
              ~~~~~~~^^^^^
TypeError: 'URLResolver' object is not subscriptable

During handling of the above exception, another exception occurred:

Traceback (most recent call last):
  File "/Users/nihu/anaconda3/lib/python3.11/site-packages/django/template/base.py", line 893, in _resolve_lookup
    current = getattr(current, bit)
              ^^^^^^^^^^^^^^^^^^^^^
AttributeError: 'URLResolver' object has no attribute 'name'

During handling of the above exception, another exception occurred:

Traceback (most recent call last):
  File "/Users/nihu/anaconda3/lib/python3.11/site-packages/django/template/base.py", line 899, in _resolve_lookup
    current = current[int(bit)]
                      ^^^^^^^^
ValueError: invalid literal for int() with base 10: 'name'

During handling of the above exception, another exception occurred:

Traceback (most recent call last):
  File "/Users/nihu/anaconda3/lib/python3.11/site-packages/django/template/base.py", line 906, in _resolve_lookup
    raise VariableDoesNotExist(
django.template.base.VariableDoesNotExist: Failed lookup for key [name] in <URLResolver <URLPattern list> (admin:admin) 'admin/'>
Not Found: /api/linechart-data
"GET /api/linechart-data HTTP/1.1" 404 3345
Exception while resolving variable 'name' in template 'unknown'.
Traceback (most recent call last):
  File "/Users/nihu/anaconda3/lib/python3.11/site-packages/django/core/handlers/exception.py", line 55, in inner
    response = get_response(request)
               ^^^^^^^^^^^^^^^^^^^^^
  File "/Users/nihu/anaconda3/lib/python3.11/site-packages/django/core/handlers/base.py", line 181, in _get_response
    callback, callback_args, callback_kwargs = self.resolve_request(request)
                                               ^^^^^^^^^^^^^^^^^^^^^^^^^^^^^
  File "/Users/nihu/anaconda3/lib/python3.11/site-packages/django/core/handlers/base.py", line 313, in resolve_request
    resolver_match = resolver.resolve(request.path_info)
                     ^^^^^^^^^^^^^^^^^^^^^^^^^^^^^^^^^^^
  File "/Users/nihu/anaconda3/lib/python3.11/site-packages/django/urls/resolvers.py", line 705, in resolve
    raise Resolver404({"tried": tried, "path": new_path})
django.urls.exceptions.Resolver404: {'tried': [[<URLResolver <URLPattern list> (admin:admin) 'admin/'>], [<URLResolver <module 'chart_api.urls' from '/Users/nihu/Blockhouse_Assessment/backend/chart_api/urls.py'> (None:None) 'api/'>, <URLPattern 'candlestick-data/' [name='candlestick-data']>], [<URLResolver <module 'chart_api.urls' from '/Users/nihu/Blockhouse_Assessment/backend/chart_api/urls.py'> (None:None) 'api/'>, <URLPattern 'line-chart-data/' [name='line-chart-data']>], [<URLResolver <module 'chart_api.urls' from '/Users/nihu/Blockhouse_Assessment/backend/chart_api/urls.py'> (None:None) 'api/'>, <URLPattern 'bar-chart-data/' [name='bar-chart-data']>], [<URLResolver <module 'chart_api.urls' from '/Users/nihu/Blockhouse_Assessment/backend/chart_api/urls.py'> (None:None) 'api/'>, <URLPattern 'pie-chart-data/' [name='pie-chart-data']>]], 'path': 'api/barchart-data'}

During handling of the above exception, another exception occurred:

Traceback (most recent call last):
  File "/Users/nihu/anaconda3/lib/python3.11/site-packages/django/template/base.py", line 883, in _resolve_lookup
    current = current[bit]
              ~~~~~~~^^^^^
TypeError: 'URLResolver' object is not subscriptable

During handling of the above exception, another exception occurred:

Traceback (most recent call last):
  File "/Users/nihu/anaconda3/lib/python3.11/site-packages/django/template/base.py", line 893, in _resolve_lookup
    current = getattr(current, bit)
              ^^^^^^^^^^^^^^^^^^^^^
AttributeError: 'URLResolver' object has no attribute 'name'

During handling of the above exception, another exception occurred:

Traceback (most recent call last):
  File "/Users/nihu/anaconda3/lib/python3.11/site-packages/django/template/base.py", line 899, in _resolve_lookup
    current = current[int(bit)]
                      ^^^^^^^^
ValueError: invalid literal for int() with base 10: 'name'

During handling of the above exception, another exception occurred:

Traceback (most recent call last):
  File "/Users/nihu/anaconda3/lib/python3.11/site-packages/django/template/base.py", line 906, in _resolve_lookup
    raise VariableDoesNotExist(
django.template.base.VariableDoesNotExist: Failed lookup for key [name] in <URLResolver <URLPattern list> (admin:admin) 'admin/'>
Not Found: /api/barchart-data
"GET /api/barchart-data HTTP/1.1" 404 3342
"GET /api/candlestick-data/ HTTP/1.1" 200 187
Exception while resolving variable 'name' in template 'unknown'.
Traceback (most recent call last):
  File "/Users/nihu/anaconda3/lib/python3.11/site-packages/django/core/handlers/exception.py", line 55, in inner
    response = get_response(request)
               ^^^^^^^^^^^^^^^^^^^^^
  File "/Users/nihu/anaconda3/lib/python3.11/site-packages/django/core/handlers/base.py", line 181, in _get_response
    callback, callback_args, callback_kwargs = self.resolve_request(request)
                                               ^^^^^^^^^^^^^^^^^^^^^^^^^^^^^
  File "/Users/nihu/anaconda3/lib/python3.11/site-packages/django/core/handlers/base.py", line 313, in resolve_request
    resolver_match = resolver.resolve(request.path_info)
                     ^^^^^^^^^^^^^^^^^^^^^^^^^^^^^^^^^^^
  File "/Users/nihu/anaconda3/lib/python3.11/site-packages/django/urls/resolvers.py", line 705, in resolve
    raise Resolver404({"tried": tried, "path": new_path})
django.urls.exceptions.Resolver404: {'tried': [[<URLResolver <URLPattern list> (admin:admin) 'admin/'>], [<URLResolver <module 'chart_api.urls' from '/Users/nihu/Blockhouse_Assessment/backend/chart_api/urls.py'> (None:None) 'api/'>, <URLPattern 'candlestick-data/' [name='candlestick-data']>], [<URLResolver <module 'chart_api.urls' from '/Users/nihu/Blockhouse_Assessment/backend/chart_api/urls.py'> (None:None) 'api/'>, <URLPattern 'line-chart-data/' [name='line-chart-data']>], [<URLResolver <module 'chart_api.urls' from '/Users/nihu/Blockhouse_Assessment/backend/chart_api/urls.py'> (None:None) 'api/'>, <URLPattern 'bar-chart-data/' [name='bar-chart-data']>], [<URLResolver <module 'chart_api.urls' from '/Users/nihu/Blockhouse_Assessment/backend/chart_api/urls.py'> (None:None) 'api/'>, <URLPattern 'pie-chart-data/' [name='pie-chart-data']>]], 'path': 'api/linechart-data'}

During handling of the above exception, another exception occurred:

Traceback (most recent call last):
  File "/Users/nihu/anaconda3/lib/python3.11/site-packages/django/template/base.py", line 883, in _resolve_lookup
    current = current[bit]
              ~~~~~~~^^^^^
TypeError: 'URLResolver' object is not subscriptable

During handling of the above exception, another exception occurred:

Traceback (most recent call last):
  File "/Users/nihu/anaconda3/lib/python3.11/site-packages/django/template/base.py", line 893, in _resolve_lookup
    current = getattr(current, bit)
              ^^^^^^^^^^^^^^^^^^^^^
AttributeError: 'URLResolver' object has no attribute 'name'

During handling of the above exception, another exception occurred:

Traceback (most recent call last):
  File "/Users/nihu/anaconda3/lib/python3.11/site-packages/django/template/base.py", line 899, in _resolve_lookup
    current = current[int(bit)]
                      ^^^^^^^^
ValueError: invalid literal for int() with base 10: 'name'

During handling of the above exception, another exception occurred:

Traceback (most recent call last):
  File "/Users/nihu/anaconda3/lib/python3.11/site-packages/django/template/base.py", line 906, in _resolve_lookup
    raise VariableDoesNotExist(
django.template.base.VariableDoesNotExist: Failed lookup for key [name] in <URLResolver <URLPattern list> (admin:admin) 'admin/'>
Exception while resolving variable 'name' in template 'unknown'.
Traceback (most recent call last):
  File "/Users/nihu/anaconda3/lib/python3.11/site-packages/django/core/handlers/exception.py", line 55, in inner
    response = get_response(request)
               ^^^^^^^^^^^^^^^^^^^^^
  File "/Users/nihu/anaconda3/lib/python3.11/site-packages/django/core/handlers/base.py", line 181, in _get_response
    callback, callback_args, callback_kwargs = self.resolve_request(request)
                                               ^^^^^^^^^^^^^^^^^^^^^^^^^^^^^
  File "/Users/nihu/anaconda3/lib/python3.11/site-packages/django/core/handlers/base.py", line 313, in resolve_request
    resolver_match = resolver.resolve(request.path_info)
                     ^^^^^^^^^^^^^^^^^^^^^^^^^^^^^^^^^^^
  File "/Users/nihu/anaconda3/lib/python3.11/site-packages/django/urls/resolvers.py", line 705, in resolve
    raise Resolver404({"tried": tried, "path": new_path})
django.urls.exceptions.Resolver404: {'tried': [[<URLResolver <URLPattern list> (admin:admin) 'admin/'>], [<URLResolver <module 'chart_api.urls' from '/Users/nihu/Blockhouse_Assessment/backend/chart_api/urls.py'> (None:None) 'api/'>, <URLPattern 'candlestick-data/' [name='candlestick-data']>], [<URLResolver <module 'chart_api.urls' from '/Users/nihu/Blockhouse_Assessment/backend/chart_api/urls.py'> (None:None) 'api/'>, <URLPattern 'line-chart-data/' [name='line-chart-data']>], [<URLResolver <module 'chart_api.urls' from '/Users/nihu/Blockhouse_Assessment/backend/chart_api/urls.py'> (None:None) 'api/'>, <URLPattern 'bar-chart-data/' [name='bar-chart-data']>], [<URLResolver <module 'chart_api.urls' from '/Users/nihu/Blockhouse_Assessment/backend/chart_api/urls.py'> (None:None) 'api/'>, <URLPattern 'pie-chart-data/' [name='pie-chart-data']>]], 'path': 'api/barchart-data'}

During handling of the above exception, another exception occurred:

Traceback (most recent call last):
  File "/Users/nihu/anaconda3/lib/python3.11/site-packages/django/template/base.py", line 883, in _resolve_lookup
    current = current[bit]
              ~~~~~~~^^^^^
TypeError: 'URLResolver' object is not subscriptable

During handling of the above exception, another exception occurred:

Traceback (most recent call last):
  File "/Users/nihu/anaconda3/lib/python3.11/site-packages/django/template/base.py", line 893, in _resolve_lookup
    current = getattr(current, bit)
              ^^^^^^^^^^^^^^^^^^^^^
AttributeError: 'URLResolver' object has no attribute 'name'

During handling of the above exception, another exception occurred:

Traceback (most recent call last):
  File "/Users/nihu/anaconda3/lib/python3.11/site-packages/django/template/base.py", line 899, in _resolve_lookup
    current = current[int(bit)]
                      ^^^^^^^^
ValueError: invalid literal for int() with base 10: 'name'

During handling of the above exception, another exception occurred:

Traceback (most recent call last):
  File "/Users/nihu/anaconda3/lib/python3.11/site-packages/django/template/base.py", line 906, in _resolve_lookup
    raise VariableDoesNotExist(
django.template.base.VariableDoesNotExist: Failed lookup for key [name] in <URLResolver <URLPattern list> (admin:admin) 'admin/'>
Not Found: /api/linechart-data
Not Found: /api/barchart-data
"GET /api/barchart-data HTTP/1.1" 404 3342
"GET /api/linechart-data HTTP/1.1" 404 3345
File /Users/nihu/anaconda3/lib/python3.11/site-packages/django/contrib/messages/storage/fallback.py first seen with mtime 1725603827.581881
File /Users/nihu/anaconda3/lib/python3.11/site-packages/django/contrib/messages/storage/cookie.py first seen with mtime 1725603827.581256
File /Users/nihu/anaconda3/lib/python3.11/site-packages/django/contrib/sessions/serializers.py first seen with mtime 1725603827.9700172
File /Users/nihu/anaconda3/lib/python3.11/site-packages/django/contrib/messages/storage/session.py first seen with mtime 1725603827.5823932
"GET /api/pie-chart-data/ HTTP/1.1" 200 54
"GET /api/candlestick-data/ HTTP/1.1" 200 187
"GET /api/pie-chart-data/ HTTP/1.1" 200 54
"GET /api/candlestick-data/ HTTP/1.1" 200 187
"GET /api/pie-chart-data/ HTTP/1.1" 200 54
"GET /api/candlestick-data/ HTTP/1.1" 200 187
"GET /api/bar-chart-data/ HTTP/1.1" 200 69
"GET /api/line-chart-data/ HTTP/1.1" 200 56
"GET /api/pie-chart-data/ HTTP/1.1" 200 54
"GET /api/bar-chart-data/ HTTP/1.1" 200 69
"GET /api/line-chart-data/ HTTP/1.1" 200 56
"GET /api/candlestick-data/ HTTP/1.1" 200 187
"GET /api/line-chart-data/ HTTP/1.1" 200 56
"GET /api/bar-chart-data/ HTTP/1.1" 200 69
"GET /api/pie-chart-data/ HTTP/1.1" 200 54
"GET /api/candlestick-data/ HTTP/1.1" 200 187
"GET /api/line-chart-data/ HTTP/1.1" 200 56
"GET /api/pie-chart-data/ HTTP/1.1" 200 54
"GET /api/bar-chart-data/ HTTP/1.1" 200 69
